{"numFailedTestSuites":3,"numFailedTests":3,"numPassedTestSuites":21,"numPassedTests":158,"numPendingTestSuites":0,"numPendingTests":0,"numRuntimeErrorTestSuites":0,"numTodoTests":0,"numTotalTestSuites":24,"numTotalTests":161,"openHandles":[],"snapshot":{"added":0,"didUpdate":false,"failure":false,"filesAdded":0,"filesRemoved":0,"filesRemovedList":[],"filesUnmatched":0,"filesUpdated":0,"matched":0,"total":0,"unchecked":0,"uncheckedKeysByFile":[],"unmatched":0,"updated":0},"startTime":1786468634495,"success":false,"testResults":[{"assertionResults":[{"ancestorTitles":[],"failureMessages":[],"fullName":"renders the gate label","location":null,"status":"passed","title":"renders the gate label"},{"ancestorTitles":[],"failureMessages":[],"fullName":"stays idle (no glow class) when value is 0","location":null,"status":"passed","title":"stays idle (no glow class) when value is 0"},{"ancestorTitles":[],"failureMessages":[],"fullName":"glows (active) when value is 1","location":null,"status":"passed","title":"glows (active) when value is 1"}],"endTime":1786468635856,"message":"","name":"/Users/manijoshi/firstmate/projects/DigiSim/frontend/src/nodes/NandGateNode.test.tsx","startTime":1786468635222,"status":"passed","summary":""},{"assertionResults":[{"ancestorTitles":["AND gate truth table"],"failureMessages":[],"fullName":"AND gate truth table 0 AND 0 = 0","location":null,"status":"passed","title":"0 AND 0 = 0"},{"ancestorTitles":["AND gate truth table"],"failureMessages":[],"fullName":"AND gate truth table 0 AND 1 = 0","location":null,"status":"passed","title":"0 AND 1 = 0"},{"ancestorTitles":["AND gate truth table"],"failureMessages":[],"fullName":"AND gate truth table 1 AND 0 = 0","location":null,"status":"passed","title":"1 AND 0 = 0"},{"ancestorTitles":["AND gate truth table"],"failureMessages":[],"fullName":"AND gate truth table 1 AND 1 = 1","location":null,"status":"passed","title":"1 AND 1 = 1"},{"ancestorTitles":["OR gate truth table"],"failureMessages":[],"fullName":"OR gate truth table 0 OR 0 = 0","location":null,"status":"passed","title":"0 OR 0 = 0"},{"ancestorTitles":["OR gate truth table"],"failureMessages":[],"fullName":"OR gate truth table 0 OR 1 = 1","location":null,"status":"passed","title":"0 OR 1 = 1"},{"ancestorTitles":["OR gate truth table"],"failureMessages":[],"fullName":"OR gate truth table 1 OR 0 = 1","location":null,"status":"passed","title":"1 OR 0 = 1"},{"ancestorTitles":["OR gate truth table"],"failureMessages":[],"fullName":"OR gate truth table 1 OR 1 = 1","location":null,"status":"passed","title":"1 OR 1 = 1"},{"ancestorTitles":["NOT gate truth table"],"failureMessages":[],"fullName":"NOT gate truth table NOT 0 = 1","location":null,"status":"passed","title":"NOT 0 = 1"},{"ancestorTitles":["NOT gate truth table"],"failureMessages":[],"fullName":"NOT gate truth table NOT 1 = 0","location":null,"status":"passed","title":"NOT 1 = 0"},{"ancestorTitles":["NAND gate truth table"],"failureMessages":[],"fullName":"NAND gate truth table 0 NAND 0 = 1","location":null,"status":"passed","title":"0 NAND 0 = 1"},{"ancestorTitles":["NAND gate truth table"],"failureMessages":[],"fullName":"NAND gate truth table 0 NAND 1 = 1","location":null,"status":"passed","title":"0 NAND 1 = 1"},{"ancestorTitles":["NAND gate truth table"],"failureMessages":[],"fullName":"NAND gate truth table 1 NAND 0 = 1","location":null,"status":"passed","title":"1 NAND 0 = 1"},{"ancestorTitles":["NAND gate truth table"],"failureMessages":[],"fullName":"NAND gate truth table 1 NAND 1 = 0","location":null,"status":"passed","title":"1 NAND 1 = 0"},{"ancestorTitles":["NOR gate truth table"],"failureMessages":[],"fullName":"NOR gate truth table 0 NOR 0 = 1","location":null,"status":"passed","title":"0 NOR 0 = 1"},{"ancestorTitles":["NOR gate truth table"],"failureMessages":[],"fullName":"NOR gate truth table 0 NOR 1 = 0","location":null,"status":"passed","title":"0 NOR 1 = 0"},{"ancestorTitles":["NOR gate truth table"],"failureMessages":[],"fullName":"NOR gate truth table 1 NOR 0 = 0","location":null,"status":"passed","title":"1 NOR 0 = 0"},{"ancestorTitles":["NOR gate truth table"],"failureMessages":[],"fullName":"NOR gate truth table 1 NOR 1 = 0","location":null,"status":"passed","title":"1 NOR 1 = 0"},{"ancestorTitles":["XOR gate truth table"],"failureMessages":[],"fullName":"XOR gate truth table 0 XOR 0 = 0","location":null,"status":"passed","title":"0 XOR 0 = 0"},{"ancestorTitles":["XOR gate truth table"],"failureMessages":[],"fullName":"XOR gate truth table 0 XOR 1 = 1","location":null,"status":"passed","title":"0 XOR 1 = 1"},{"ancestorTitles":["XOR gate truth table"],"failureMessages":[],"fullName":"XOR gate truth table 1 XOR 0 = 1","location":null,"status":"passed","title":"1 XOR 0 = 1"},{"ancestorTitles":["XOR gate truth table"],"failureMessages":[],"fullName":"XOR gate truth table 1 XOR 1 = 0","location":null,"status":"passed","title":"1 XOR 1 = 0"},{"ancestorTitles":["XNOR gate truth table"],"failureMessages":[],"fullName":"XNOR gate truth table 0 XNOR 0 = 1","location":null,"status":"passed","title":"0 XNOR 0 = 1"},{"ancestorTitles":["XNOR gate truth table"],"failureMessages":[],"fullName":"XNOR gate truth table 0 XNOR 1 = 0","location":null,"status":"passed","title":"0 XNOR 1 = 0"},{"ancestorTitles":["XNOR gate truth table"],"failureMessages":[],"fullName":"XNOR gate truth table 1 XNOR 0 = 0","location":null,"status":"passed","title":"1 XNOR 0 = 0"},{"ancestorTitles":["XNOR gate truth table"],"failureMessages":[],"fullName":"XNOR gate truth table 1 XNOR 1 = 1","location":null,"status":"passed","title":"1 XNOR 1 = 1"},{"ancestorTitles":["simulateCircuit edge cases"],"failureMessages":[],"fullName":"simulateCircuit edge cases disconnected gate defaults to Z","location":null,"status":"passed","title":"disconnected gate defaults to Z"},{"ancestorTitles":["simulateCircuit edge cases"],"failureMessages":[],"fullName":"simulateCircuit edge cases chained gates: AND → NOT propagates correctly","location":null,"status":"passed","title":"chained gates: AND → NOT propagates correctly"},{"ancestorTitles":["simulateCircuit edge cases"],"failureMessages":[],"fullName":"simulateCircuit edge cases output node takes value from its source","location":null,"status":"passed","title":"output node takes value from its source"}],"endTime":1786468635923,"message":"","name":"/Users/manijoshi/firstmate/projects/DigiSim/frontend/src/hooks/useLogicSimulation.test.ts","startTime":1786468635291,"status":"passed","summary":""},{"assertionResults":[{"ancestorTitles":[],"failureMessages":[],"fullName":"renders the gate label","location":null,"status":"passed","title":"renders the gate label"},{"ancestorTitles":[],"failureMessages":[],"fullName":"stays idle (no glow class) when value is 0","location":null,"status":"passed","title":"stays idle (no glow class) when value is 0"},{"ancestorTitles":[],"failureMessages":[],"fullName":"glows (active) when value is 1","location":null,"status":"passed","title":"glows (active) when value is 1"}],"endTime":1786468635967,"message":"","name":"/Users/manijoshi/firstmate/projects/DigiSim/frontend/src/nodes/NorGateNode.test.tsx","startTime":1786468635283,"status":"passed","summary":""},{"assertionResults":[{"ancestorTitles":["Mosfet & Subckt Nodes"],"failureMessages":[],"fullName":"Mosfet & Subckt Nodes renders NmosNode with live region badge and PDK inputs","location":null,"status":"passed","title":"renders NmosNode with live region badge and PDK inputs"},{"ancestorTitles":["Mosfet & Subckt Nodes"],"failureMessages":[],"fullName":"Mosfet & Subckt Nodes renders PmosNode with live region badge and auto-bulk checkbox","location":null,"status":"passed","title":"renders PmosNode with live region badge and auto-bulk checkbox"},{"ancestorTitles":["Mosfet & Subckt Nodes"],"failureMessages":[],"fullName":"Mosfet & Subckt Nodes renders SubcktNode with parameter pass-through and drill down button","location":null,"status":"passed","title":"renders SubcktNode with parameter pass-through and drill down button"}],"endTime":1786468636018,"message":"","name":"/Users/manijoshi/firstmate/projects/DigiSim/frontend/src/components/nodes/MosfetNodes.test.tsx","startTime":1786468635227,"status":"passed","summary":""},{"assertionResults":[{"ancestorTitles":[],"failureMessages":[],"fullName":"renders the gate label","location":null,"status":"passed","title":"renders the gate label"},{"ancestorTitles":[],"failureMessages":[],"fullName":"stays idle (no glow class) when value is 0","location":null,"status":"passed","title":"stays idle (no glow class) when value is 0"},{"ancestorTitles":[],"failureMessages":[],"fullName":"glows (active) when value is 1","location":null,"status":"passed","title":"glows (active) when value is 1"}],"endTime":1786468636069,"message":"","name":"/Users/manijoshi/firstmate/projects/DigiSim/frontend/src/nodes/NotGateNode.test.tsx","startTime":1786468635983,"status":"passed","summary":""},{"assertionResults":[{"ancestorTitles":["InteractiveProbeTooltip utility functions"],"failureMessages":[],"fullName":"InteractiveProbeTooltip utility functions formats electrical currents across uA, mA, and A ranges","location":null,"status":"passed","title":"formats electrical currents across uA, mA, and A ranges"},{"ancestorTitles":["InteractiveProbeTooltip utility functions"],"failureMessages":[],"fullName":"InteractiveProbeTooltip utility functions formats electrical voltages accurately","location":null,"status":"passed","title":"formats electrical voltages accurately"},{"ancestorTitles":["InteractiveProbeTooltip utility functions"],"failureMessages":[],"fullName":"InteractiveProbeTooltip utility functions derives digital logic states from values and voltage levels","location":null,"status":"passed","title":"derives digital logic states from values and voltage levels"},{"ancestorTitles":["InteractiveProbeTooltip Component Rendering"],"failureMessages":[],"fullName":"InteractiveProbeTooltip Component Rendering renders probe tooltip with hidden state initially when visible prop is true","location":null,"status":"passed","title":"renders probe tooltip with hidden state initially when visible prop is true"},{"ancestorTitles":["InteractiveProbeTooltip Component Rendering"],"failureMessages":[],"fullName":"InteractiveProbeTooltip Component Rendering activates tooltip on wire hover and displays electrical gauge, current, and sparkline","location":null,"status":"passed","title":"activates tooltip on wire hover and displays electrical gauge, current, and sparkline"},{"ancestorTitles":["InteractiveProbeTooltip Component Rendering"],"failureMessages":[],"fullName":"InteractiveProbeTooltip Component Rendering activates tooltip on handle/terminal hover with MOSFET operating region","location":null,"status":"passed","title":"activates tooltip on handle/terminal hover with MOSFET operating region"}],"endTime":1786468636088,"message":"","name":"/Users/manijoshi/firstmate/projects/DigiSim/frontend/src/components/canvas/InteractiveProbeTooltip.test.tsx","startTime":1786468635873,"status":"passed","summary":""},{"assertionResults":[{"ancestorTitles":[],"failureMessages":[],"fullName":"renders the gate label","location":null,"status":"passed","title":"renders the gate label"},{"ancestorTitles":[],"failureMessages":[],"fullName":"stays idle (no glow class) when value is 0","location":null,"status":"passed","title":"stays idle (no glow class) when value is 0"},{"ancestorTitles":[],"failureMessages":[],"fullName":"glows (active) when value is 1","location":null,"status":"passed","title":"glows (active) when value is 1"}],"endTime":1786468636126,"message":"","name":"/Users/manijoshi/firstmate/projects/DigiSim/frontend/src/nodes/AndGateNode.test.tsx","startTime":1786468636038,"status":"passed","summary":""},{"assertionResults":[{"ancestorTitles":["HotkeyCheatsheetModal and HotkeyFloatingTrigger"],"failureMessages":[],"fullName":"HotkeyCheatsheetModal and HotkeyFloatingTrigger does not render when open is false","location":null,"status":"passed","title":"does not render when open is false"},{"ancestorTitles":["HotkeyCheatsheetModal and HotkeyFloatingTrigger"],"failureMessages":[],"fullName":"HotkeyCheatsheetModal and HotkeyFloatingTrigger renders all key shortcuts when open","location":null,"status":"passed","title":"renders all key shortcuts when open"},{"ancestorTitles":["HotkeyCheatsheetModal and HotkeyFloatingTrigger"],"failureMessages":["TestingLibraryElementError: Found multiple elements with the text: Simulation\n\nHere are the matching elements:\n\nIgnored nodes: comments, script, style\n\u001b[36m<button\u001b[39m\n  \u001b[33mclass\u001b[39m=\u001b[32m\"hotkey-tab \"\u001b[39m\n\u001b[36m>\u001b[39m\n  \u001b[0mSimulation\u001b[0m\n\u001b[36m</button>\u001b[39m\n\nIgnored nodes: comments, script, style\n\u001b[36m<span\u001b[39m\n  \u001b[33mclass\u001b[39m=\u001b[32m\"hotkey-card-category\"\u001b[39m\n\u001b[36m>\u001b[39m\n  \u001b[0mSimulation\u001b[0m\n\u001b[36m</span>\u001b[39m\n\nIgnored nodes: comments, script, style\n\u001b[36m<span\u001b[39m\n  \u001b[33mclass\u001b[39m=\u001b[32m\"hotkey-card-category\"\u001b[39m\n\u001b[36m>\u001b[39m\n  \u001b[0mSimulation\u001b[0m\n\u001b[36m</span>\u001b[39m\n\nIgnored nodes: comments, script, style\n\u001b[36m<span\u001b[39m\n  \u001b[33mclass\u001b[39m=\u001b[32m\"hotkey-card-category\"\u001b[39m\n\u001b[36m>\u001b[39m\n  \u001b[0mSimulation\u001b[0m\n\u001b[36m</span>\u001b[39m\n\n(If this is intentional, then use the `*AllBy*` variant of the query (like `queryAllByText`, `getAllByText`, or `findAllByText`)).\n\nIgnored nodes: comments, script, style\n\u001b[36m<body>\u001b[39m\n  \u001b[36m<div>\u001b[39m\n    \u001b[36m<div\u001b[39m\n      \u001b[33maria-label\u001b[39m=\u001b[32m\"Keyboard Shortcuts Cheatsheet\"\u001b[39m\n      \u001b[33maria-modal\u001b[39m=\u001b[32m\"true\"\u001b[39m\n      \u001b[33mclass\u001b[39m=\u001b[32m\"hotkey-modal-backdrop\"\u001b[39m\n      \u001b[33mrole\u001b[39m=\u001b[32m\"dialog\"\u001b[39m\n    \u001b[36m>\u001b[39m\n      \u001b[36m<div\u001b[39m\n        \u001b[33mclass\u001b[39m=\u001b[32m\"hotkey-modal-container\"\u001b[39m\n      \u001b[36m>\u001b[39m\n        \u001b[36m<div\u001b[39m\n          \u001b[33mclass\u001b[39m=\u001b[32m\"hotkey-modal-head\"\u001b[39m\n        \u001b[36m>\u001b[39m\n          \u001b[36m<div\u001b[39m\n            \u001b[33mclass\u001b[39m=\u001b[32m\"hotkey-head-title\"\u001b[39m\n          \u001b[36m>\u001b[39m\n            \u001b[36m<span\u001b[39m\n              \u001b[33mclass\u001b[39m=\u001b[32m\"hotkey-head-icon\"\u001b[39m\n            \u001b[36m>\u001b[39m\n              \u001b[0m⌨️\u001b[0m\n            \u001b[36m</span>\u001b[39m\n            \u001b[36m<div>\u001b[39m\n              \u001b[36m<h2>\u001b[39m\n                \u001b[0mDigiSim Keyboard Shortcuts & Ergonomics\u001b[0m\n              \u001b[36m</h2>\u001b[39m\n              \u001b[36m<p>\u001b[39m\n                \u001b[0mMaster quick hotkeys for rapid circuit design, simulation, and hierarchy\u001b[0m\n              \u001b[36m</p>\u001b[39m\n            \u001b[36m</div>\u001b[39m\n          \u001b[36m</div>\u001b[39m\n          \u001b[36m<button\u001b[39m\n            \u001b[33maria-label\u001b[39m=\u001b[32m\"Close Cheatsheet\"\u001b[39m\n            \u001b[33mclass\u001b[39m=\u001b[32m\"hotkey-close-btn\"\u001b[39m\n          \u001b[36m>\u001b[39m\n            \u001b[0m✕\u001b[0m\n          \u001b[36m</button>\u001b[39m\n        \u001b[36m</div>\u001b[39m\n        \u001b[36m<div\u001b[39m\n          \u001b[33mclass\u001b[39m=\u001b[32m\"hotkey-modal-filter-bar\"\u001b[39m\n        \u001b[36m>\u001b[39m\n          \u001b[36m<div\u001b[39m\n            \u001b[33mclass\u001b[39m=\u001b[32m\"hotkey-search-box\"\u001b[39m\n          \u001b[36m>\u001b[39m\n            \u001b[36m<svg\u001b[39m\n              \u001b[33mfill\u001b[39m=\u001b[32m\"none\"\u001b[39m\n              \u001b[33mheight\u001b[39m=\u001b[32m\"15\"\u001b[39m\n              \u001b[33mstroke\u001b[39m=\u001b[32m\"currentColor\"\u001b[39m\n              \u001b[33mstroke-width\u001b[39m=\u001b[32m\"2\"\u001b[39m\n              \u001b[33mviewBox\u001b[39m=\u001b[32m\"0 0 24 24\"\u001b[39m\n              \u001b[33mwidth\u001b[39m=\u001b[32m\"15\"\u001b[39m\n            \u001b[36m>\u001b[39m\n              \u001b[36m<circle\u001b[39m\n                \u001b[33mcx\u001b[39m=\u001b[32m\"11\"\u001b[39m\n                \u001b[33mcy\u001b[39m=\u001b[32m\"11\"\u001b[39m\n                \u001b[33mr\u001b[39m=\u001b[32m\"8\"\u001b[39m\n              \u001b[36m/>\u001b[39m\n              \u001b[36m<line\u001b[39m\n                \u001b[33mx1\u001b[39m=\u001b[32m\"21\"\u001b[39m\n                \u001b[33mx2\u001b[39m=\u001b[32m\"16.65\"\u001b[39m\n                \u001b[33my1\u001b[39m=\u001b[32m\"21\"\u001b[39m\n                \u001b[33my2\u001b[39m=\u001b[32m\"16.65\"\u001b[39m\n              \u001b[36m/>\u001b[39m\n            \u001b[36m</svg>\u001b[39m\n            \u001b[36m<input\u001b[39m\n              \u001b[33mplaceholder\u001b[39m=\u001b[32m\"Search shortcuts... (e.g. Wire, Space, Sub-Circuit, Undo)\"\u001b[39m\n              \u001b[33mtype\u001b[39m=\u001b[32m\"text\"\u001b[39m\n              \u001b[33mvalue\u001b[39m=\u001b[32m\"\"\u001b[39m\n            \u001b[36m/>\u001b[39m\n          \u001b[36m</div>\u001b[39m\n          \u001b[36m<div\u001b[39m\n            \u001b[33mclass\u001b[39m=\u001b[32m\"hotkey-category-tabs\"\u001b[39m\n          \u001b[36m>\u001b[39m\n            \u001b[36m<button\u001b[39m\n              \u001b[33mclass\u001b[39m=\u001b[32m\"hotkey-tab hotkey-tab--active\"\u001b[39m\n            \u001b[36m>\u001b[39m\n              \u001b[0mAll Shortcuts\u001b[0m\n            \u001b[36m</button>\u001b[39m\n            \u001b[36m<button\u001b[39m\n              \u001b[33mclass\u001b[39m=\u001b[32m\"hotkey-tab \"\u001b[39m\n            \u001b[36m>\u001b[39m\n              \u001b[0mGeneral & Palette\u001b[0m\n            \u001b[36m</button>\u001b[39m\n            \u001b[36m<button\u001b[39m\n              \u001b[33mclass\u001b[39m=\u001b[32m\"hotkey-tab \"\u001b[39m\n            \u001b[36m>\u001b[39m\n              \u001b[0mSimulation\u001b[0m\n            \u001b[36m</button>\u001b[39m\n            \u001b[36m<button\u001b[39m\n              \u001b[33mclass\u001b[39m=\u001b[32m\"hotkey-tab \"\u001b[39m\n            \u001b[36m>\u001b[39m\n              \u001b[0mCanvas & Editing\u001b[0m\n            \u001b[36m</button>\u001b[39m\n            \u001b[36m<button\u001b[39m\n              \u001b[33mclass\u001b[39m=\u001b[32m\"hotkey-tab \"\u001b[39m\n            \u001b[36m>\u001b[39m\n              \u001b[0mHierarchy & Navigation\u001b[0m\n            \u001b[36m</button>\u001b[39m\n          \u001b[36m</div>\u001b[39m\n        \u001b[36m</div>\u001b[39m\n        \u001b[36m<div\u001b[39m\n          \u001b[33mclass\u001b[39m=\u001b[32m\"hotkey-modal-body\"\u001b[39m\n        \u001b[36m>\u001b[39m\n          \u001b[36m<div\u001b[39m\n            \u001b[33mclass\u001b[39m=\u001b[32m\"hotkey-grid\"\u001b[39m\n          \u001b[36m>\u001b[39m\n            \u001b[36m<div\u001b[39m\n              \u001b[33mclass\u001b[39m=\u001b[32m\"hotkey-card\"\u001b[39m\n            \u001b[36m>\u001b[39m\n              \u001b[36m<div\u001b[39m\n                \u001b[33mclass\u001b[39m=\u001b[32m\"hotkey-card-header\"\u001b[39m\n              \u001b[36m>\u001b[39m\n                \u001b[36m<span\u001b[39m\n                  \u001b[33mclass\u001b[39m=\u001b[32m\"hotkey-card-label\"\u001b[39m\n                \u001b[36m>\u001b[39m\n                  \u001b[0mCommand Palette\u001b[0m\n                \u001b[36m</span>\u001b[39m\n                \u001b[36m<span\u001b[39m\n                  \u001b[33mclass\u001b[39m=\u001b[32m\"hotkey-card-category\"\u001b[39m\n                \u001b[36m>\u001b[39m\n                  \u001b[0mGeneral & Palette\u001b[0m\n                \u001b[36m</span>\u001b[39m\n              \u001b[36m</div>\u001b[39m\n              \u001b[36m<div\u001b[39m\n                \u001b[33mclass\u001b[39m=\u001b[32m\"hotkey-card-desc\"\u001b[39m\n              \u001b[36m>\u001b[39m\n                \u001b[0mInstant fuzzy search for all components, PDK process kits, and quick actions\u001b[0m\n              \u001b[36m</div>\u001b[39m\n              \u001b[36m<div\u001b[39m\n                \u001b[33mclass\u001b[39m=\u001b[32m\"hotkey-card-bottom\"\u001b[39m\n              \u001b[36m>\u001b[39m\n                \u001b[36m<div\u001b[39m\n                  \u001b[33mclass\u001b[39m=\u001b[32m\"hotkey-keys-wrap\"\u001b[39m\n                \u001b[36m>\u001b[39m\n                  \u001b[36m<kbd\u001b[39m\n                    \u001b[33mclass\u001b[39m=\u001b[32m\"hotkey-kbd\"\u001b[39m\n                  \u001b[36m>\u001b[39m\n                    \u001b[0mCtrl\u001b[0m\n                  \u001b[36m</kbd>\u001b[39m\n                  \u001b[36m<kbd\u001b[39m\n                    \u001b[33mclass\u001b[39m=\u001b[32m\"hotkey-kbd\"\u001b[39m\n                  \u001b[36m>\u001b[39m\n                    \u001b[0mK\u001b[0m\n                  \u001b[36m</kbd>\u001b[39m\n                \u001b[36m</div>\u001b[39m\n                \u001b[36m<button\u001b[39m\n                  \u001b[33mclass\u001b[39m=\u001b[32m\"hotkey-try-btn\"\u001b[39m\n                \u001b[36m>\u001b[39m\n                  \u001b[0mOpen Palette\u001b[0m\n                  \u001b[0m ›\u001b[0m\n                \u001b[36m</button>\u001b[39m\n              \u001b[36m</div>\u001b[39m\n            \u001b[36m</div>\u001b[39m\n            \u001b[36m<div\u001b[39m\n              \u001b[33mclass\u001b[39m=\u001b[32m\"hotkey-card\"\u001b[39m\n            \u001b[36m>\u001b[39m\n              \u001b[36m<div\u001b[39m\n                \u001b[33mclass\u001b[39m=\u001b[32m\"hotkey-card-header\"\u001b[39m\n              \u001b[36m>\u001b[39m\n                \u001b[36m<span\u001b[39m\n                  \u001b[33mclass\u001b[39m=\u001b[32m\"hotkey-card-label\"\u001b[39m\n                \u001b[36m>\u001b[39m\n                  \u001b[0mHotkey Cheatsheet\u001b[0m\n                \u001b[36m</span>\u001b[39m\n                \u001b[36m<span\u001b[39m\n                  \u001b[33mclass\u001b[39m=\u001b[32m\"hotkey-card-category\"\u001b[39m\n                \u001b[36m>\u001b[39m\n                  \u001b[0mGeneral & Palette\u001b[0m\n                \u001b[36m</span>\u001b[39m\n              \u001b[36m</div>\u001b[39m\n              \u001b[36m<div\u001b[39m\n                \u001b[33mclass\u001b[39m=\u001b[32m\"hotkey-card-desc\"\u001b[39m\n              \u001b[36m>\u001b[39m\n                \u001b[0mToggle this keyboard shortcut helper anytime\u001b[0m\n              \u001b[36m</div>\u001b[39m\n              \u001b[36m<div\u001b[39m\n                \u001b[33mclass\u001b[39m=\u001b[32m\"hotkey-card-bottom\"\u001b[39m\n              \u001b[36m>\u001b[39m\n                \u001b[36m<div\u001b[39m\n                  \u001b[33mclass\u001b[39m=\u001b[32m\"hotkey-keys-wrap\"\u001b[39m\n                \u001b[36m>\u001b[39m\n                  \u001b[36m<kbd\u001b[39m\n                    \u001b[33mclass\u001b[39m=\u001b[32m\"hotkey-kbd\"\u001b[39m\n                  \u001b[36m>\u001b[39m\n  ...\n    at Object.getElementError (/Users/manijoshi/firstmate/projects/DigiSim/frontend/node_modules/@testing-library/dom/dist/config.js:37:19)\n    at getElementError (/Users/manijoshi/firstmate/projects/DigiSim/frontend/node_modules/@testing-library/dom/dist/query-helpers.js:20:35)\n    at getMultipleElementsFoundError (/Users/manijoshi/firstmate/projects/DigiSim/frontend/node_modules/@testing-library/dom/dist/query-helpers.js:23:10)\n    at /Users/manijoshi/firstmate/projects/DigiSim/frontend/node_modules/@testing-library/dom/dist/query-helpers.js:55:13\n    at getByText (/Users/manijoshi/firstmate/projects/DigiSim/frontend/node_modules/@testing-library/dom/dist/query-helpers.js:95:19)\n    at Object.<anonymous> (/Users/manijoshi/firstmate/projects/DigiSim/frontend/src/components/hud/HotkeyCheatsheetModal.test.tsx:47:27)\n    at Promise.then.completed (/Users/manijoshi/firstmate/projects/DigiSim/frontend/node_modules/jest-circus/build/utils.js:391:28)\n    at new Promise (<anonymous>)\n    at callAsyncCircusFn (/Users/manijoshi/firstmate/projects/DigiSim/frontend/node_modules/jest-circus/build/utils.js:316:10)\n    at _callCircusTest (/Users/manijoshi/firstmate/projects/DigiSim/frontend/node_modules/jest-circus/build/run.js:218:40)\n    at processTicksAndRejections (node:internal/process/task_queues:105:5)\n    at _runTest (/Users/manijoshi/firstmate/projects/DigiSim/frontend/node_modules/jest-circus/build/run.js:155:3)\n    at _runTestsForDescribeBlock (/Users/manijoshi/firstmate/projects/DigiSim/frontend/node_modules/jest-circus/build/run.js:66:9)\n    at _runTestsForDescribeBlock (/Users/manijoshi/firstmate/projects/DigiSim/frontend/node_modules/jest-circus/build/run.js:60:9)\n    at run (/Users/manijoshi/firstmate/projects/DigiSim/frontend/node_modules/jest-circus/build/run.js:25:3)\n    at runAndTransformResultsToJestFormat (/Users/manijoshi/firstmate/projects/DigiSim/frontend/node_modules/jest-circus/build/legacy-code-todo-rewrite/jestAdapterInit.js:170:21)\n    at jestAdapter (/Users/manijoshi/firstmate/projects/DigiSim/frontend/node_modules/jest-circus/build/legacy-code-todo-rewrite/jestAdapter.js:82:19)\n    at runTestInternal (/Users/manijoshi/firstmate/projects/DigiSim/frontend/node_modules/jest-runner/build/runTest.js:389:16)\n    at runTest (/Users/manijoshi/firstmate/projects/DigiSim/frontend/node_modules/jest-runner/build/runTest.js:475:34)\n    at Object.worker (/Users/manijoshi/firstmate/projects/DigiSim/frontend/node_modules/jest-runner/build/testWorker.js:133:12)"],"fullName":"HotkeyCheatsheetModal and HotkeyFloatingTrigger filters shortcuts by category tabs","location":null,"status":"failed","title":"filters shortcuts by category tabs"},{"ancestorTitles":["HotkeyCheatsheetModal and HotkeyFloatingTrigger"],"failureMessages":[],"fullName":"HotkeyCheatsheetModal and HotkeyFloatingTrigger filters shortcuts by search query","location":null,"status":"passed","title":"filters shortcuts by search query"},{"ancestorTitles":["HotkeyCheatsheetModal and HotkeyFloatingTrigger"],"failureMessages":[],"fullName":"HotkeyCheatsheetModal and HotkeyFloatingTrigger triggers interactive action when Try button is clicked","location":null,"status":"passed","title":"triggers interactive action when Try button is clicked"},{"ancestorTitles":["HotkeyCheatsheetModal and HotkeyFloatingTrigger"],"failureMessages":[],"fullName":"HotkeyCheatsheetModal and HotkeyFloatingTrigger closes on Escape key press","location":null,"status":"passed","title":"closes on Escape key press"},{"ancestorTitles":["HotkeyCheatsheetModal and HotkeyFloatingTrigger"],"failureMessages":[],"fullName":"HotkeyCheatsheetModal and HotkeyFloatingTrigger renders HotkeyFloatingTrigger and handles clicks","location":null,"status":"passed","title":"renders HotkeyFloatingTrigger and handles clicks"}],"endTime":1786468636131,"message":"  ● HotkeyCheatsheetModal and HotkeyFloatingTrigger › filters shortcuts by category tabs\n\n    TestingLibraryElementError: Found multiple elements with the text: Simulation\n\n    Here are the matching elements:\n\n    Ignored nodes: comments, script, style\n    \u001b[36m<button\u001b[39m\n      \u001b[33mclass\u001b[39m=\u001b[32m\"hotkey-tab \"\u001b[39m\n    \u001b[36m>\u001b[39m\n      \u001b[0mSimulation\u001b[0m\n    \u001b[36m</button>\u001b[39m\n\n    Ignored nodes: comments, script, style\n    \u001b[36m<span\u001b[39m\n      \u001b[33mclass\u001b[39m=\u001b[32m\"hotkey-card-category\"\u001b[39m\n    \u001b[36m>\u001b[39m\n      \u001b[0mSimulation\u001b[0m\n    \u001b[36m</span>\u001b[39m\n\n    Ignored nodes: comments, script, style\n    \u001b[36m<span\u001b[39m\n      \u001b[33mclass\u001b[39m=\u001b[32m\"hotkey-card-category\"\u001b[39m\n    \u001b[36m>\u001b[39m\n      \u001b[0mSimulation\u001b[0m\n    \u001b[36m</span>\u001b[39m\n\n    Ignored nodes: comments, script, style\n    \u001b[36m<span\u001b[39m\n      \u001b[33mclass\u001b[39m=\u001b[32m\"hotkey-card-category\"\u001b[39m\n    \u001b[36m>\u001b[39m\n      \u001b[0mSimulation\u001b[0m\n    \u001b[36m</span>\u001b[39m\n\n    (If this is intentional, then use the `*AllBy*` variant of the query (like `queryAllByText`, `getAllByText`, or `findAllByText`)).\n\n    Ignored nodes: comments, script, style\n    \u001b[36m<body>\u001b[39m\n      \u001b[36m<div>\u001b[39m\n        \u001b[36m<div\u001b[39m\n          \u001b[33maria-label\u001b[39m=\u001b[32m\"Keyboard Shortcuts Cheatsheet\"\u001b[39m\n          \u001b[33maria-modal\u001b[39m=\u001b[32m\"true\"\u001b[39m\n          \u001b[33mclass\u001b[39m=\u001b[32m\"hotkey-modal-backdrop\"\u001b[39m\n          \u001b[33mrole\u001b[39m=\u001b[32m\"dialog\"\u001b[39m\n        \u001b[36m>\u001b[39m\n          \u001b[36m<div\u001b[39m\n            \u001b[33mclass\u001b[39m=\u001b[32m\"hotkey-modal-container\"\u001b[39m\n          \u001b[36m>\u001b[39m\n            \u001b[36m<div\u001b[39m\n              \u001b[33mclass\u001b[39m=\u001b[32m\"hotkey-modal-head\"\u001b[39m\n            \u001b[36m>\u001b[39m\n              \u001b[36m<div\u001b[39m\n                \u001b[33mclass\u001b[39m=\u001b[32m\"hotkey-head-title\"\u001b[39m\n              \u001b[36m>\u001b[39m\n                \u001b[36m<span\u001b[39m\n                  \u001b[33mclass\u001b[39m=\u001b[32m\"hotkey-head-icon\"\u001b[39m\n                \u001b[36m>\u001b[39m\n                  \u001b[0m⌨️\u001b[0m\n                \u001b[36m</span>\u001b[39m\n                \u001b[36m<div>\u001b[39m\n                  \u001b[36m<h2>\u001b[39m\n                    \u001b[0mDigiSim Keyboard Shortcuts & Ergonomics\u001b[0m\n                  \u001b[36m</h2>\u001b[39m\n                  \u001b[36m<p>\u001b[39m\n                    \u001b[0mMaster quick hotkeys for rapid circuit design, simulation, and hierarchy\u001b[0m\n                  \u001b[36m</p>\u001b[39m\n                \u001b[36m</div>\u001b[39m\n              \u001b[36m</div>\u001b[39m\n              \u001b[36m<button\u001b[39m\n                \u001b[33maria-label\u001b[39m=\u001b[32m\"Close Cheatsheet\"\u001b[39m\n                \u001b[33mclass\u001b[39m=\u001b[32m\"hotkey-close-btn\"\u001b[39m\n              \u001b[36m>\u001b[39m\n                \u001b[0m✕\u001b[0m\n              \u001b[36m</button>\u001b[39m\n            \u001b[36m</div>\u001b[39m\n            \u001b[36m<div\u001b[39m\n              \u001b[33mclass\u001b[39m=\u001b[32m\"hotkey-modal-filter-bar\"\u001b[39m\n            \u001b[36m>\u001b[39m\n              \u001b[36m<div\u001b[39m\n                \u001b[33mclass\u001b[39m=\u001b[32m\"hotkey-search-box\"\u001b[39m\n              \u001b[36m>\u001b[39m\n                \u001b[36m<svg\u001b[39m\n                  \u001b[33mfill\u001b[39m=\u001b[32m\"none\"\u001b[39m\n                  \u001b[33mheight\u001b[39m=\u001b[32m\"15\"\u001b[39m\n                  \u001b[33mstroke\u001b[39m=\u001b[32m\"currentColor\"\u001b[39m\n                  \u001b[33mstroke-width\u001b[39m=\u001b[32m\"2\"\u001b[39m\n                  \u001b[33mviewBox\u001b[39m=\u001b[32m\"0 0 24 24\"\u001b[39m\n                  \u001b[33mwidth\u001b[39m=\u001b[32m\"15\"\u001b[39m\n                \u001b[36m>\u001b[39m\n                  \u001b[36m<circle\u001b[39m\n                    \u001b[33mcx\u001b[39m=\u001b[32m\"11\"\u001b[39m\n                    \u001b[33mcy\u001b[39m=\u001b[32m\"11\"\u001b[39m\n                    \u001b[33mr\u001b[39m=\u001b[32m\"8\"\u001b[39m\n                  \u001b[36m/>\u001b[39m\n                  \u001b[36m<line\u001b[39m\n                    \u001b[33mx1\u001b[39m=\u001b[32m\"21\"\u001b[39m\n                    \u001b[33mx2\u001b[39m=\u001b[32m\"16.65\"\u001b[39m\n                    \u001b[33my1\u001b[39m=\u001b[32m\"21\"\u001b[39m\n                    \u001b[33my2\u001b[39m=\u001b[32m\"16.65\"\u001b[39m\n                  \u001b[36m/>\u001b[39m\n                \u001b[36m</svg>\u001b[39m\n                \u001b[36m<input\u001b[39m\n                  \u001b[33mplaceholder\u001b[39m=\u001b[32m\"Search shortcuts... (e.g. Wire, Space, Sub-Circuit, Undo)\"\u001b[39m\n                  \u001b[33mtype\u001b[39m=\u001b[32m\"text\"\u001b[39m\n                  \u001b[33mvalue\u001b[39m=\u001b[32m\"\"\u001b[39m\n                \u001b[36m/>\u001b[39m\n              \u001b[36m</div>\u001b[39m\n              \u001b[36m<div\u001b[39m\n                \u001b[33mclass\u001b[39m=\u001b[32m\"hotkey-category-tabs\"\u001b[39m\n              \u001b[36m>\u001b[39m\n                \u001b[36m<button\u001b[39m\n                  \u001b[33mclass\u001b[39m=\u001b[32m\"hotkey-tab hotkey-tab--active\"\u001b[39m\n                \u001b[36m>\u001b[39m\n                  \u001b[0mAll Shortcuts\u001b[0m\n                \u001b[36m</button>\u001b[39m\n                \u001b[36m<button\u001b[39m\n                  \u001b[33mclass\u001b[39m=\u001b[32m\"hotkey-tab \"\u001b[39m\n                \u001b[36m>\u001b[39m\n                  \u001b[0mGeneral & Palette\u001b[0m\n                \u001b[36m</button>\u001b[39m\n                \u001b[36m<button\u001b[39m\n                  \u001b[33mclass\u001b[39m=\u001b[32m\"hotkey-tab \"\u001b[39m\n                \u001b[36m>\u001b[39m\n                  \u001b[0mSimulation\u001b[0m\n                \u001b[36m</button>\u001b[39m\n                \u001b[36m<button\u001b[39m\n                  \u001b[33mclass\u001b[39m=\u001b[32m\"hotkey-tab \"\u001b[39m\n                \u001b[36m>\u001b[39m\n                  \u001b[0mCanvas & Editing\u001b[0m\n                \u001b[36m</button>\u001b[39m\n                \u001b[36m<button\u001b[39m\n                  \u001b[33mclass\u001b[39m=\u001b[32m\"hotkey-tab \"\u001b[39m\n                \u001b[36m>\u001b[39m\n                  \u001b[0mHierarchy & Navigation\u001b[0m\n                \u001b[36m</button>\u001b[39m\n              \u001b[36m</div>\u001b[39m\n            \u001b[36m</div>\u001b[39m\n            \u001b[36m<div\u001b[39m\n              \u001b[33mclass\u001b[39m=\u001b[32m\"hotkey-modal-body\"\u001b[39m\n            \u001b[36m>\u001b[39m\n              \u001b[36m<div\u001b[39m\n                \u001b[33mclass\u001b[39m=\u001b[32m\"hotkey-grid\"\u001b[39m\n              \u001b[36m>\u001b[39m\n                \u001b[36m<div\u001b[39m\n                  \u001b[33mclass\u001b[39m=\u001b[32m\"hotkey-card\"\u001b[39m\n                \u001b[36m>\u001b[39m\n                  \u001b[36m<div\u001b[39m\n                    \u001b[33mclass\u001b[39m=\u001b[32m\"hotkey-card-header\"\u001b[39m\n                  \u001b[36m>\u001b[39m\n                    \u001b[36m<span\u001b[39m\n                      \u001b[33mclass\u001b[39m=\u001b[32m\"hotkey-card-label\"\u001b[39m\n                    \u001b[36m>\u001b[39m\n                      \u001b[0mCommand Palette\u001b[0m\n                    \u001b[36m</span>\u001b[39m\n                    \u001b[36m<span\u001b[39m\n                      \u001b[33mclass\u001b[39m=\u001b[32m\"hotkey-card-category\"\u001b[39m\n                    \u001b[36m>\u001b[39m\n                      \u001b[0mGeneral & Palette\u001b[0m\n                    \u001b[36m</span>\u001b[39m\n                  \u001b[36m</div>\u001b[39m\n                  \u001b[36m<div\u001b[39m\n                    \u001b[33mclass\u001b[39m=\u001b[32m\"hotkey-card-desc\"\u001b[39m\n                  \u001b[36m>\u001b[39m\n                    \u001b[0mInstant fuzzy search for all components, PDK process kits, and quick actions\u001b[0m\n                  \u001b[36m</div>\u001b[39m\n                  \u001b[36m<div\u001b[39m\n                    \u001b[33mclass\u001b[39m=\u001b[32m\"hotkey-card-bottom\"\u001b[39m\n                  \u001b[36m>\u001b[39m\n                    \u001b[36m<div\u001b[39m\n                      \u001b[33mclass\u001b[39m=\u001b[32m\"hotkey-keys-wrap\"\u001b[39m\n                    \u001b[36m>\u001b[39m\n                      \u001b[36m<kbd\u001b[39m\n                        \u001b[33mclass\u001b[39m=\u001b[32m\"hotkey-kbd\"\u001b[39m\n                      \u001b[36m>\u001b[39m\n                        \u001b[0mCtrl\u001b[0m\n                      \u001b[36m</kbd>\u001b[39m\n                      \u001b[36m<kbd\u001b[39m\n                        \u001b[33mclass\u001b[39m=\u001b[32m\"hotkey-kbd\"\u001b[39m\n                      \u001b[36m>\u001b[39m\n                        \u001b[0mK\u001b[0m\n                      \u001b[36m</kbd>\u001b[39m\n                    \u001b[36m</div>\u001b[39m\n                    \u001b[36m<button\u001b[39m\n                      \u001b[33mclass\u001b[39m=\u001b[32m\"hotkey-try-btn\"\u001b[39m\n                    \u001b[36m>\u001b[39m\n                      \u001b[0mOpen Palette\u001b[0m\n                      \u001b[0m ›\u001b[0m\n                    \u001b[36m</button>\u001b[39m\n                  \u001b[36m</div>\u001b[39m\n                \u001b[36m</div>\u001b[39m\n                \u001b[36m<div\u001b[39m\n                  \u001b[33mclass\u001b[39m=\u001b[32m\"hotkey-card\"\u001b[39m\n                \u001b[36m>\u001b[39m\n                  \u001b[36m<div\u001b[39m\n                    \u001b[33mclass\u001b[39m=\u001b[32m\"hotkey-card-header\"\u001b[39m\n                  \u001b[36m>\u001b[39m\n                    \u001b[36m<span\u001b[39m\n                      \u001b[33mclass\u001b[39m=\u001b[32m\"hotkey-card-label\"\u001b[39m\n                    \u001b[36m>\u001b[39m\n                      \u001b[0mHotkey Cheatsheet\u001b[0m\n                    \u001b[36m</span>\u001b[39m\n                    \u001b[36m<span\u001b[39m\n                      \u001b[33mclass\u001b[39m=\u001b[32m\"hotkey-card-category\"\u001b[39m\n                    \u001b[36m>\u001b[39m\n                      \u001b[0mGeneral & Palette\u001b[0m\n                    \u001b[36m</span>\u001b[39m\n                  \u001b[36m</div>\u001b[39m\n                  \u001b[36m<div\u001b[39m\n                    \u001b[33mclass\u001b[39m=\u001b[32m\"hotkey-card-desc\"\u001b[39m\n                  \u001b[36m>\u001b[39m\n                    \u001b[0mToggle this keyboard shortcut helper anytime\u001b[0m\n                  \u001b[36m</div>\u001b[39m\n                  \u001b[36m<div\u001b[39m\n                    \u001b[33mclass\u001b[39m=\u001b[32m\"hotkey-card-bottom\"\u001b[39m\n                  \u001b[36m>\u001b[39m\n                    \u001b[36m<div\u001b[39m\n                      \u001b[33mclass\u001b[39m=\u001b[32m\"hotkey-keys-wrap\"\u001b[39m\n                    \u001b[36m>\u001b[39m\n                      \u001b[36m<kbd\u001b[39m\n                        \u001b[33mclass\u001b[39m=\u001b[32m\"hotkey-kbd\"\u001b[39m\n                      \u001b[36m>\u001b[39m\n      ...\n\n      45 |   it('filters shortcuts by category tabs', () => {\n      46 |     render(<HotkeyCheatsheetModal {...mockProps} />);\n    > 47 |     const simTab = screen.getByText('Simulation');\n         |                           ^\n      48 |\n      49 |     fireEvent.click(simTab);\n      50 |     expect(screen.getByText('Run / Pause Simulation')).toBeInTheDocument();\n\n      at Object.getElementError (node_modules/@testing-library/dom/dist/config.js:37:19)\n      at getElementError (node_modules/@testing-library/dom/dist/query-helpers.js:20:35)\n      at getMultipleElementsFoundError (node_modules/@testing-library/dom/dist/query-helpers.js:23:10)\n      at node_modules/@testing-library/dom/dist/query-helpers.js:55:13\n      at getByText (node_modules/@testing-library/dom/dist/query-helpers.js:95:19)\n      at Object.<anonymous> (src/components/hud/HotkeyCheatsheetModal.test.tsx:47:27)\n","name":"/Users/manijoshi/firstmate/projects/DigiSim/frontend/src/components/hud/HotkeyCheatsheetModal.test.tsx","startTime":1786468635263,"status":"failed","summary":""},{"assertionResults":[{"ancestorTitles":["generateGerberRS274X"],"failureMessages":[],"fullName":"generateGerberRS274X generates valid RS-274X header format","location":null,"status":"passed","title":"generates valid RS-274X header format"},{"ancestorTitles":["generateGerberRS274X"],"failureMessages":[],"fullName":"generateGerberRS274X defines standard apertures for traces and pads","location":null,"status":"passed","title":"defines standard apertures for traces and pads"},{"ancestorTitles":["generateGerberRS274X"],"failureMessages":[],"fullName":"generateGerberRS274X flashes component pads for all placed nodes","location":null,"status":"passed","title":"flashes component pads for all placed nodes"},{"ancestorTitles":["generateGerberRS274X"],"failureMessages":[],"fullName":"generateGerberRS274X draws interpolated trace segments for wires between nodes","location":null,"status":"passed","title":"draws interpolated trace segments for wires between nodes"},{"ancestorTitles":["generateGerberRS274X"],"failureMessages":[],"fullName":"generateGerberRS274X handles empty circuits gracefully","location":null,"status":"passed","title":"handles empty circuits gracefully"}],"endTime":1786468636157,"message":"","name":"/Users/manijoshi/firstmate/projects/DigiSim/frontend/src/logic/gerberExport.test.ts","startTime":1786468636098,"status":"passed","summary":""},{"assertionResults":[{"ancestorTitles":[],"failureMessages":[],"fullName":"renders the gate label","location":null,"status":"passed","title":"renders the gate label"},{"ancestorTitles":[],"failureMessages":[],"fullName":"stays idle (no glow class) when value is 0","location":null,"status":"passed","title":"stays idle (no glow class) when value is 0"},{"ancestorTitles":[],"failureMessages":[],"fullName":"glows (active) when value is 1","location":null,"status":"passed","title":"glows (active) when value is 1"}],"endTime":1786468636163,"message":"","name":"/Users/manijoshi/firstmate/projects/DigiSim/frontend/src/nodes/XorGateNode.test.tsx","startTime":1786468635946,"status":"passed","summary":""},{"assertionResults":[{"ancestorTitles":[],"failureMessages":[],"fullName":"renders the gate label","location":null,"status":"passed","title":"renders the gate label"},{"ancestorTitles":[],"failureMessages":[],"fullName":"stays idle (no glow class) when value is 0","location":null,"status":"passed","title":"stays idle (no glow class) when value is 0"},{"ancestorTitles":[],"failureMessages":[],"fullName":"glows (active) when value is 1","location":null,"status":"passed","title":"glows (active) when value is 1"}],"endTime":1786468636227,"message":"","name":"/Users/manijoshi/firstmate/projects/DigiSim/frontend/src/nodes/OrGateNode.test.tsx","startTime":1786468636110,"status":"passed","summary":""},{"assertionResults":[{"ancestorTitles":["PDKManager"],"failureMessages":[],"fullName":"PDKManager loads BSIM model cards for 180nm, 90nm, and 28nm HKMG nodes","location":null,"status":"passed","title":"loads BSIM model cards for 180nm, 90nm, and 28nm HKMG nodes"},{"ancestorTitles":["PDKManager"],"failureMessages":[],"fullName":"PDKManager calculates CDF parameters (ad, as, pd, ps) correctly","location":null,"status":"passed","title":"calculates CDF parameters (ad, as, pd, ps) correctly"},{"ancestorTitles":["PDKManager"],"failureMessages":[],"fullName":"PDKManager determines Cutoff operating region for NMOS when Vgs < Vth","location":null,"status":"passed","title":"determines Cutoff operating region for NMOS when Vgs < Vth"},{"ancestorTitles":["PDKManager"],"failureMessages":[],"fullName":"PDKManager determines Saturation operating region for NMOS when Vgs > Vth and Vds >= Vov","location":null,"status":"passed","title":"determines Saturation operating region for NMOS when Vgs > Vth and Vds >= Vov"},{"ancestorTitles":["PDKManager"],"failureMessages":[],"fullName":"PDKManager determines Triode operating region for NMOS when Vgs > Vth and Vds < Vov","location":null,"status":"passed","title":"determines Triode operating region for NMOS when Vgs > Vth and Vds < Vov"},{"ancestorTitles":["PDKManager"],"failureMessages":[],"fullName":"PDKManager calculates PMOS operating regions correctly","location":null,"status":"passed","title":"calculates PMOS operating regions correctly"}],"endTime":1786468636335,"message":"","name":"/Users/manijoshi/firstmate/projects/DigiSim/frontend/src/logic/pdk/PDKManager.test.ts","startTime":1786468636170,"status":"passed","summary":""},{"assertionResults":[{"ancestorTitles":["netlistSpice"],"failureMessages":[],"fullName":"netlistSpice generates valid SPICE .cir netlist string with models and component lines","location":null,"status":"passed","title":"generates valid SPICE .cir netlist string with models and component lines"},{"ancestorTitles":["netlistSpice"],"failureMessages":[],"fullName":"netlistSpice generates Cadence Spectre native netlist syntax","location":null,"status":"passed","title":"generates Cadence Spectre native netlist syntax"},{"ancestorTitles":["mnaSpice non-linear solver"],"failureMessages":[],"fullName":"mnaSpice non-linear solver solves non-linear MOSFET circuit operating region and currents","location":null,"status":"passed","title":"solves non-linear MOSFET circuit operating region and currents"}],"endTime":1786468636386,"message":"","name":"/Users/manijoshi/firstmate/projects/DigiSim/frontend/src/logic/simulation/mnaSpice.test.ts","startTime":1786468636284,"status":"passed","summary":""},{"assertionResults":[{"ancestorTitles":["Circuit Health Diagnostic Logic"],"failureMessages":[],"fullName":"Circuit Health Diagnostic Logic detects un-tied MOSFET bulks when autoBulk is false","location":null,"status":"passed","title":"detects un-tied MOSFET bulks when autoBulk is false"},{"ancestorTitles":["Circuit Health Diagnostic Logic"],"failureMessages":[],"fullName":"Circuit Health Diagnostic Logic detects floating inputs on logic gates","location":null,"status":"passed","title":"detects floating inputs on logic gates"},{"ancestorTitles":["Circuit Health Diagnostic Logic"],"failureMessages":[],"fullName":"Circuit Health Diagnostic Logic summarizes transistor operating regions accurately","location":null,"status":"passed","title":"summarizes transistor operating regions accurately"},{"ancestorTitles":["Circuit Health Diagnostic Logic"],"failureMessages":[],"fullName":"Circuit Health Diagnostic Logic auto-fixes un-tied bulks and ties floating inputs to GND","location":null,"status":"passed","title":"auto-fixes un-tied bulks and ties floating inputs to GND"},{"ancestorTitles":["CircuitHealthBar Component Rendering"],"failureMessages":[],"fullName":"CircuitHealthBar Component Rendering renders FPS, solver status, convergence state, and clean health badge","location":null,"status":"passed","title":"renders FPS, solver status, convergence state, and clean health badge"},{"ancestorTitles":["CircuitHealthBar Component Rendering"],"failureMessages":[],"fullName":"CircuitHealthBar Component Rendering renders Auto-Fix button when issues are detected and triggers onAutoFix callback on click","location":null,"status":"passed","title":"renders Auto-Fix button when issues are detected and triggers onAutoFix callback on click"}],"endTime":1786468636438,"message":"","name":"/Users/manijoshi/firstmate/projects/DigiSim/frontend/src/components/hud/CircuitHealthBar.test.tsx","startTime":1786468636247,"status":"passed","summary":""},{"assertionResults":[{"ancestorTitles":["truth-table enumeration"],"failureMessages":[],"fullName":"truth-table enumeration AND yields 0,0,0,1 over 00,01,10,11","location":null,"status":"passed","title":"AND yields 0,0,0,1 over 00,01,10,11"},{"ancestorTitles":["truth-table enumeration"],"failureMessages":[],"fullName":"truth-table enumeration OR yields 0,1,1,1","location":null,"status":"passed","title":"OR yields 0,1,1,1"},{"ancestorTitles":["truth-table enumeration"],"failureMessages":[],"fullName":"truth-table enumeration XOR yields 0,1,1,0","location":null,"status":"passed","title":"XOR yields 0,1,1,0"},{"ancestorTitles":["truth-table enumeration"],"failureMessages":[],"fullName":"truth-table enumeration columns are labelled and ordered A,B → Y","location":null,"status":"passed","title":"columns are labelled and ordered A,B → Y"},{"ancestorTitles":["findCircuits"],"failureMessages":[],"fullName":"findCircuits splits two disconnected circuits and names them in order","location":null,"status":"passed","title":"splits two disconnected circuits and names them in order"},{"ancestorTitles":["findCircuits"],"failureMessages":[],"fullName":"findCircuits excludes fragments lacking an input or an output","location":null,"status":"passed","title":"excludes fragments lacking an input or an output"},{"ancestorTitles":["buildNetlist"],"failureMessages":[],"fullName":"buildNetlist renders gates, output, and input nets in U1/OUT1 form","location":null,"status":"passed","title":"renders gates, output, and input nets in U1/OUT1 form"}],"endTime":1786468636527,"message":"","name":"/Users/manijoshi/firstmate/projects/DigiSim/frontend/src/logic/circuitAnalysis.test.ts","startTime":1786468636289,"status":"passed","summary":""},{"assertionResults":[{"ancestorTitles":[],"failureMessages":[],"fullName":"renders the gate label","location":null,"status":"passed","title":"renders the gate label"},{"ancestorTitles":[],"failureMessages":[],"fullName":"stays idle (no glow class) when value is 0","location":null,"status":"passed","title":"stays idle (no glow class) when value is 0"},{"ancestorTitles":[],"failureMessages":[],"fullName":"glows (active) when value is 1","location":null,"status":"passed","title":"glows (active) when value is 1"}],"endTime":1786468636534,"message":"","name":"/Users/manijoshi/firstmate/projects/DigiSim/frontend/src/nodes/XnorGateNode.test.tsx","startTime":1786468636215,"status":"passed","summary":""},{"assertionResults":[{"ancestorTitles":["CellRegistry"],"failureMessages":[],"fullName":"CellRegistry registers and retrieves built-in cells (INVERTER, NAND2, NOR2)","location":null,"status":"passed","title":"registers and retrieves built-in cells (INVERTER, NAND2, NOR2)"},{"ancestorTitles":["CellRegistry"],"failureMessages":[],"fullName":"CellRegistry instantiates schematic view with parameter pass-through overrides","location":null,"status":"passed","title":"instantiates schematic view with parameter pass-through overrides"},{"ancestorTitles":["CellRegistry"],"failureMessages":[],"fullName":"CellRegistry registers custom cell definitions","location":null,"status":"passed","title":"registers custom cell definitions"}],"endTime":1786468636570,"message":"","name":"/Users/manijoshi/firstmate/projects/DigiSim/frontend/src/logic/hierarchy/CellRegistry.test.ts","startTime":1786468636412,"status":"passed","summary":""},{"assertionResults":[{"ancestorTitles":["exportNetlist"],"failureMessages":[],"fullName":"exportNetlist serializes the default AND circuit into the explicit components/connections schema","location":null,"status":"passed","title":"serializes the default AND circuit into the explicit components/connections schema"},{"ancestorTitles":["parseNetlist — reconstruction"],"failureMessages":[],"fullName":"parseNetlist — reconstruction rebuilds the spec example with correct nodes, edges, and layers","location":null,"status":"passed","title":"rebuilds the spec example with correct nodes, edges, and layers"},{"ancestorTitles":["parseNetlist — reconstruction"],"failureMessages":[],"fullName":"parseNetlist — reconstruction round-trips its own export","location":null,"status":"passed","title":"round-trips its own export"},{"ancestorTitles":["parseNetlist — reconstruction"],"failureMessages":[],"fullName":"parseNetlist — reconstruction honors explicit x/y on components","location":null,"status":"passed","title":"honors explicit x/y on components"},{"ancestorTitles":["parseNetlist — validation errors"],"failureMessages":[],"fullName":"parseNetlist — validation errors rejects non-object documents","location":null,"status":"passed","title":"rejects non-object documents"},{"ancestorTitles":["parseNetlist — validation errors"],"failureMessages":[],"fullName":"parseNetlist — validation errors reports missing required fields","location":null,"status":"passed","title":"reports missing required fields"},{"ancestorTitles":["parseNetlist — validation errors"],"failureMessages":[],"fullName":"parseNetlist — validation errors reports duplicate component ids","location":null,"status":"passed","title":"reports duplicate component ids"},{"ancestorTitles":["parseNetlist — validation errors"],"failureMessages":[],"fullName":"parseNetlist — validation errors reports connection from unknown component","location":null,"status":"passed","title":"reports connection from unknown component"}],"endTime":1786468636603,"message":"","name":"/Users/manijoshi/firstmate/projects/DigiSim/frontend/src/logic/netlistIO.test.ts","startTime":1786468636447,"status":"passed","summary":""},{"assertionResults":[{"ancestorTitles":["solveAnalogIsland"],"failureMessages":[],"fullName":"solveAnalogIsland voltage divider matches the analytic result","location":null,"status":"passed","title":"voltage divider matches the analytic result"},{"ancestorTitles":["solveAnalogIsland"],"failureMessages":[],"fullName":"solveAnalogIsland unequal divider follows the ratio","location":null,"status":"passed","title":"unequal divider follows the ratio"},{"ancestorTitles":["solveAnalogIsland"],"failureMessages":[],"fullName":"solveAnalogIsland series LED conducts the expected current and lights up","location":null,"status":"passed","title":"series LED conducts the expected current and lights up"},{"ancestorTitles":["solveAnalogIsland"],"failureMessages":[],"fullName":"solveAnalogIsland a big resistor dims the LED","location":null,"status":"passed","title":"a big resistor dims the LED"},{"ancestorTitles":["solveAnalogIsland"],"failureMessages":[],"fullName":"solveAnalogIsland reverse-wired LED stays dark","location":null,"status":"passed","title":"reverse-wired LED stays dark"},{"ancestorTitles":["solveAnalogIsland"],"failureMessages":[],"fullName":"solveAnalogIsland LED without a series resistor is flagged as overcurrent","location":null,"status":"passed","title":"LED without a series resistor is flagged as overcurrent"},{"ancestorTitles":["solveAnalogIsland"],"failureMessages":[],"fullName":"solveAnalogIsland open switch blocks current; closed switch conducts","location":null,"status":"passed","title":"open switch blocks current; closed switch conducts"},{"ancestorTitles":["solveAnalogIsland"],"failureMessages":[],"fullName":"solveAnalogIsland potentiometer at 50% of 10k acts as 5k","location":null,"status":"passed","title":"potentiometer at 50% of 10k acts as 5k"},{"ancestorTitles":["solveAnalogIsland"],"failureMessages":[],"fullName":"solveAnalogIsland island without a source solves to all zeros","location":null,"status":"passed","title":"island without a source solves to all zeros"},{"ancestorTitles":["board pin stubs (S3)"],"failureMessages":[],"fullName":"board pin stubs (S3) GPIO driven HIGH lights an LED through a resistor","location":null,"status":"passed","title":"GPIO driven HIGH lights an LED through a resistor"},{"ancestorTitles":["board pin stubs (S3)"],"failureMessages":[],"fullName":"board pin stubs (S3) 5V logic level raises the current","location":null,"status":"passed","title":"5V logic level raises the current"},{"ancestorTitles":["board pin stubs (S3)"],"failureMessages":[],"fullName":"board pin stubs (S3) GPIO LOW and Hi-Z keep the LED dark","location":null,"status":"passed","title":"GPIO LOW and Hi-Z keep the LED dark"},{"ancestorTitles":["board pin stubs (S3)"],"failureMessages":[],"fullName":"board pin stubs (S3) power rail pin drives like a supply","location":null,"status":"passed","title":"power rail pin drives like a supply"},{"ancestorTitles":["board pin stubs (S3)"],"failureMessages":[],"fullName":"board pin stubs (S3) blink pin follows the sim clock","location":null,"status":"passed","title":"blink pin follows the sim clock"},{"ancestorTitles":["board pin stubs (S3)"],"failureMessages":[],"fullName":"board pin stubs (S3) PWM duty scales LED brightness by time-averaging","location":null,"status":"passed","title":"PWM duty scales LED brightness by time-averaging"},{"ancestorTitles":["simulate() island routing"],"failureMessages":[],"fullName":"simulate() island routing analog island is solved while a digital island keeps gate semantics","location":null,"status":"passed","title":"analog island is solved while a digital island keeps gate semantics"},{"ancestorTitles":["simulate() island routing"],"failureMessages":[],"fullName":"simulate() island routing mixing gates with analog parts flags the analog nodes instead of solving","location":null,"status":"passed","title":"mixing gates with analog parts flags the analog nodes instead of solving"}],"endTime":1786468636639,"message":"","name":"/Users/manijoshi/firstmate/projects/DigiSim/frontend/src/logic/simulation/mna.test.ts","startTime":1786468636376,"status":"passed","summary":""},{"assertionResults":[{"ancestorTitles":["InteractiveTourModal"],"failureMessages":[],"fullName":"InteractiveTourModal does not render when open is false","location":null,"status":"passed","title":"does not render when open is false"},{"ancestorTitles":["InteractiveTourModal"],"failureMessages":["TestingLibraryElementError: Found multiple elements with the text: /schematic canvas/i\n\nHere are the matching elements:\n\nIgnored nodes: comments, script, style\n\u001b[36m<span\u001b[39m\n  \u001b[33mclass\u001b[39m=\u001b[32m\"tour-header__tag\"\u001b[39m\n\u001b[36m>\u001b[39m\n  \u001b[0mSchematic Canvas\u001b[0m\n\u001b[36m</span>\u001b[39m\n\nIgnored nodes: comments, script, style\n\u001b[36m<span\u001b[39m\n  \u001b[33mclass\u001b[39m=\u001b[32m\"tour-mockup__title\"\u001b[39m\n\u001b[36m>\u001b[39m\n  \u001b[0mPalette & Schematic Canvas\u001b[0m\n\u001b[36m</span>\u001b[39m\n\n(If this is intentional, then use the `*AllBy*` variant of the query (like `queryAllByText`, `getAllByText`, or `findAllByText`)).\n\nIgnored nodes: comments, script, style\n\u001b[36m<body>\u001b[39m\n  \u001b[36m<div>\u001b[39m\n    \u001b[36m<div\u001b[39m\n      \u001b[33maria-labelledby\u001b[39m=\u001b[32m\"tour-modal-title\"\u001b[39m\n      \u001b[33maria-modal\u001b[39m=\u001b[32m\"true\"\u001b[39m\n      \u001b[33mclass\u001b[39m=\u001b[32m\"tour-modal-overlay\"\u001b[39m\n      \u001b[33mrole\u001b[39m=\u001b[32m\"dialog\"\u001b[39m\n    \u001b[36m>\u001b[39m\n      \u001b[36m<div\u001b[39m\n        \u001b[33mclass\u001b[39m=\u001b[32m\"tour-modal-card glass\"\u001b[39m\n      \u001b[36m>\u001b[39m\n        \u001b[36m<div\u001b[39m\n          \u001b[33mclass\u001b[39m=\u001b[32m\"tour-progress-bar-track\"\u001b[39m\n        \u001b[36m>\u001b[39m\n          \u001b[36m<div\u001b[39m\n            \u001b[33mclass\u001b[39m=\u001b[32m\"tour-progress-bar-fill\"\u001b[39m\n            \u001b[33mstyle\u001b[39m=\u001b[32m\"width: 20%;\"\u001b[39m\n          \u001b[36m/>\u001b[39m\n        \u001b[36m</div>\u001b[39m\n        \u001b[36m<div\u001b[39m\n          \u001b[33mclass\u001b[39m=\u001b[32m\"tour-header\"\u001b[39m\n        \u001b[36m>\u001b[39m\n          \u001b[36m<div\u001b[39m\n            \u001b[33mclass\u001b[39m=\u001b[32m\"tour-header__left\"\u001b[39m\n          \u001b[36m>\u001b[39m\n            \u001b[36m<span\u001b[39m\n              \u001b[33mclass\u001b[39m=\u001b[32m\"tour-header__badge\"\u001b[39m\n            \u001b[36m>\u001b[39m\n              \u001b[36m<span\u001b[39m\n                \u001b[33mclass\u001b[39m=\u001b[32m\"pulse-dot\"\u001b[39m\n              \u001b[36m/>\u001b[39m\n              \u001b[0m Step \u001b[0m\n              \u001b[0m1\u001b[0m\n              \u001b[0m of \u001b[0m\n              \u001b[0m5\u001b[0m\n            \u001b[36m</span>\u001b[39m\n            \u001b[36m<span\u001b[39m\n              \u001b[33mclass\u001b[39m=\u001b[32m\"tour-header__tag\"\u001b[39m\n            \u001b[36m>\u001b[39m\n              \u001b[0mSchematic Canvas\u001b[0m\n            \u001b[36m</span>\u001b[39m\n          \u001b[36m</div>\u001b[39m\n          \u001b[36m<button\u001b[39m\n            \u001b[33maria-label\u001b[39m=\u001b[32m\"Close Tour\"\u001b[39m\n            \u001b[33mclass\u001b[39m=\u001b[32m\"tour-close-btn\"\u001b[39m\n            \u001b[33mtitle\u001b[39m=\u001b[32m\"Close (Esc)\"\u001b[39m\n          \u001b[36m>\u001b[39m\n            \u001b[0m✕\u001b[0m\n          \u001b[36m</button>\u001b[39m\n        \u001b[36m</div>\u001b[39m\n        \u001b[36m<div\u001b[39m\n          \u001b[33mclass\u001b[39m=\u001b[32m\"tour-body\"\u001b[39m\n        \u001b[36m>\u001b[39m\n          \u001b[36m<div\u001b[39m\n            \u001b[33mclass\u001b[39m=\u001b[32m\"tour-body__text\"\u001b[39m\n          \u001b[36m>\u001b[39m\n            \u001b[36m<div\u001b[39m\n              \u001b[33mclass\u001b[39m=\u001b[32m\"tour-body__title-row\"\u001b[39m\n            \u001b[36m>\u001b[39m\n              \u001b[36m<div\u001b[39m\n                \u001b[33mclass\u001b[39m=\u001b[32m\"tour-body__icon-circle\"\u001b[39m\n              \u001b[36m>\u001b[39m\n                \u001b[0m🎨\u001b[0m\n              \u001b[36m</div>\u001b[39m\n              \u001b[36m<h2\u001b[39m\n                \u001b[33mclass\u001b[39m=\u001b[32m\"tour-body__title\"\u001b[39m\n                \u001b[33mid\u001b[39m=\u001b[32m\"tour-modal-title\"\u001b[39m\n              \u001b[36m>\u001b[39m\n                \u001b[0mCanvas & Component Palette\u001b[0m\n              \u001b[36m</h2>\u001b[39m\n            \u001b[36m</div>\u001b[39m\n            \u001b[36m<p\u001b[39m\n              \u001b[33mclass\u001b[39m=\u001b[32m\"tour-body__desc\"\u001b[39m\n            \u001b[36m>\u001b[39m\n              \u001b[0mPlace and interconnect digital logic gates (AND, OR, XOR, NAND, NOR), analog passives (Resistors, Potentiometers, V-Sources, LEDs, Switches), and real hardware IC chips onto an infinite, responsive ReactFlow schematic workspace.\u001b[0m\n            \u001b[36m</p>\u001b[39m\n            \u001b[36m<div\u001b[39m\n              \u001b[33mclass\u001b[39m=\u001b[32m\"tour-body__highlights-header\"\u001b[39m\n            \u001b[36m>\u001b[39m\n              \u001b[36m<span>\u001b[39m\n                \u001b[0m⚡ Key Capabilities:\u001b[0m\n              \u001b[36m</span>\u001b[39m\n            \u001b[36m</div>\u001b[39m\n            \u001b[36m<ul\u001b[39m\n              \u001b[33mclass\u001b[39m=\u001b[32m\"tour-body__highlights\"\u001b[39m\n            \u001b[36m>\u001b[39m\n              \u001b[36m<li>\u001b[39m\n                \u001b[36m<svg\u001b[39m\n                  \u001b[33mfill\u001b[39m=\u001b[32m\"none\"\u001b[39m\n                  \u001b[33mheight\u001b[39m=\u001b[32m\"15\"\u001b[39m\n                  \u001b[33mstroke\u001b[39m=\u001b[32m\"#38bdf8\"\u001b[39m\n                  \u001b[33mstroke-width\u001b[39m=\u001b[32m\"3\"\u001b[39m\n                  \u001b[33mviewBox\u001b[39m=\u001b[32m\"0 0 24 24\"\u001b[39m\n                  \u001b[33mwidth\u001b[39m=\u001b[32m\"15\"\u001b[39m\n                \u001b[36m>\u001b[39m\n                  \u001b[36m<polyline\u001b[39m\n                    \u001b[33mpoints\u001b[39m=\u001b[32m\"20 6 9 17 4 12\"\u001b[39m\n                  \u001b[36m/>\u001b[39m\n                \u001b[36m</svg>\u001b[39m\n                \u001b[36m<span>\u001b[39m\n                  \u001b[0mLeft sidebar toolbox with fast search, collapsible categories, and drag-and-drop\u001b[0m\n                \u001b[36m</span>\u001b[39m\n              \u001b[36m</li>\u001b[39m\n              \u001b[36m<li>\u001b[39m\n                \u001b[36m<svg\u001b[39m\n                  \u001b[33mfill\u001b[39m=\u001b[32m\"none\"\u001b[39m\n                  \u001b[33mheight\u001b[39m=\u001b[32m\"15\"\u001b[39m\n                  \u001b[33mstroke\u001b[39m=\u001b[32m\"#38bdf8\"\u001b[39m\n                  \u001b[33mstroke-width\u001b[39m=\u001b[32m\"3\"\u001b[39m\n                  \u001b[33mviewBox\u001b[39m=\u001b[32m\"0 0 24 24\"\u001b[39m\n                  \u001b[33mwidth\u001b[39m=\u001b[32m\"15\"\u001b[39m\n                \u001b[36m>\u001b[39m\n                  \u001b[36m<polyline\u001b[39m\n                    \u001b[33mpoints\u001b[39m=\u001b[32m\"20 6 9 17 4 12\"\u001b[39m\n                  \u001b[36m/>\u001b[39m\n                \u001b[36m</svg>\u001b[39m\n                \u001b[36m<span>\u001b[39m\n                  \u001b[0mMulti-touch gesture support with pan, pinch-to-zoom, and lasso multi-selection\u001b[0m\n                \u001b[36m</span>\u001b[39m\n              \u001b[36m</li>\u001b[39m\n              \u001b[36m<li>\u001b[39m\n                \u001b[36m<svg\u001b[39m\n                  \u001b[33mfill\u001b[39m=\u001b[32m\"none\"\u001b[39m\n                  \u001b[33mheight\u001b[39m=\u001b[32m\"15\"\u001b[39m\n                  \u001b[33mstroke\u001b[39m=\u001b[32m\"#38bdf8\"\u001b[39m\n                  \u001b[33mstroke-width\u001b[39m=\u001b[32m\"3\"\u001b[39m\n                  \u001b[33mviewBox\u001b[39m=\u001b[32m\"0 0 24 24\"\u001b[39m\n                  \u001b[33mwidth\u001b[39m=\u001b[32m\"15\"\u001b[39m\n                \u001b[36m>\u001b[39m\n                  \u001b[36m<polyline\u001b[39m\n                    \u001b[33mpoints\u001b[39m=\u001b[32m\"20 6 9 17 4 12\"\u001b[39m\n                  \u001b[36m/>\u001b[39m\n                \u001b[36m</svg>\u001b[39m\n                \u001b[36m<span>\u001b[39m\n                  \u001b[0mSignal-aware animated wires that glow cyan/green when carrying HIGH logic\u001b[0m\n                \u001b[36m</span>\u001b[39m\n              \u001b[36m</li>\u001b[39m\n              \u001b[36m<li>\u001b[39m\n                \u001b[36m<svg\u001b[39m\n                  \u001b[33mfill\u001b[39m=\u001b[32m\"none\"\u001b[39m\n                  \u001b[33mheight\u001b[39m=\u001b[32m\"15\"\u001b[39m\n                  \u001b[33mstroke\u001b[39m=\u001b[32m\"#38bdf8\"\u001b[39m\n                  \u001b[33mstroke-width\u001b[39m=\u001b[32m\"3\"\u001b[39m\n                  \u001b[33mviewBox\u001b[39m=\u001b[32m\"0 0 24 24\"\u001b[39m\n                  \u001b[33mwidth\u001b[39m=\u001b[32m\"15\"\u001b[39m\n                \u001b[36m>\u001b[39m\n                  \u001b[36m<polyline\u001b[39m\n                    \u001b[33mpoints\u001b[39m=\u001b[32m\"20 6 9 17 4 12\"\u001b[39m\n                  \u001b[36m/>\u001b[39m\n                \u001b[36m</svg>\u001b[39m\n                \u001b[36m<span>\u001b[39m\n                  \u001b[0mFull schematic persistence, JSON netlist import/export, and project folders\u001b[0m\n                \u001b[36m</span>\u001b[39m\n              \u001b[36m</li>\u001b[39m\n            \u001b[36m</ul>\u001b[39m\n          \u001b[36m</div>\u001b[39m\n          \u001b[36m<div\u001b[39m\n            \u001b[33mclass\u001b[39m=\u001b[32m\"tour-body__preview\"\u001b[39m\n          \u001b[36m>\u001b[39m\n            \u001b[36m<div\u001b[39m\n              \u001b[33mclass\u001b[39m=\u001b[32m\"tour-mockup tour-mockup--palette\"\u001b[39m\n            \u001b[36m>\u001b[39m\n              \u001b[36m<div\u001b[39m\n                \u001b[33mclass\u001b[39m=\u001b[32m\"tour-mockup__header\"\u001b[39m\n              \u001b[36m>\u001b[39m\n                \u001b[36m<span\u001b[39m\n                  \u001b[33mclass\u001b[39m=\u001b[32m\"tour-mockup__dot dot-red\"\u001b[39m\n                \u001b[36m/>\u001b[39m\n                \u001b[36m<span\u001b[39m\n                  \u001b[33mclass\u001b[39m=\u001b[32m\"tour-mockup__dot dot-yellow\"\u001b[39m\n                \u001b[36m/>\u001b[39m\n                \u001b[36m<span\u001b[39m\n                  \u001b[33mclass\u001b[39m=\u001b[32m\"tour-mockup__dot dot-green\"\u001b[39m\n                \u001b[36m/>\u001b[39m\n                \u001b[36m<span\u001b[39m\n                  \u001b[33mclass\u001b[39m=\u001b[32m\"tour-mockup__title\"\u001b[39m\n                \u001b[36m>\u001b[39m\n                  \u001b[0mPalette & Schematic Canvas\u001b[0m\n                \u001b[36m</span>\u001b[39m\n              \u001b[36m</div>\u001b[39m\n              \u001b[36m<div\u001b[39m\n                \u001b[33mclass\u001b[39m=\u001b[32m\"tour-mockup__canvas\"\u001b[39m\n              \u001b[36m>\u001b[39m\n                \u001b[36m<div\u001b[39m\n                  \u001b[33mclass\u001b[39m=\u001b[32m\"tour-mockup__node node-input\"\u001b[39m\n                \u001b[36m>\u001b[39m\n                  \u001b[36m<span\u001b[39m\n                    \u001b[33mclass\u001b[39m=\u001b[32m\"node-tag\"\u001b[39m\n                  \u001b[36m>\u001b[39m\n                    \u001b[0mIN A\u001b[0m\n                  \u001b[36m</span>\u001b[39m\n                  \u001b[36m<span\u001b[39m\n                    \u001b[33mclass\u001b[39m=\u001b[32m\"node-val node-val--on\"\u001b[39m\n                  \u001b[36m>\u001b[39m\n                    \u001b[0m1\u001b[0m\n                  \u001b[36m</span>\u001b[39m\n                \u001b[36m</div>\u001b[39m\n                \u001b[36m<div\u001b[39m\n                  \u001b[33mclass\u001b[39m=\u001b[32m\"tour-mockup__wire wire-glow\"\u001b[39m\n                \u001b[36m/>\u001b[39m\n                \u001b[36m<div\u001b[39m\n                  \u001b[33mclass\u001b[39m=\u001b[32m\"tour-mockup__node node-gate\"\u001b[39m\n                \u001b[36m>\u001b[39m\n                  \u001b[36m<span\u001b[39m\n                    \u001b[33mclass\u001b[39m=\u001b[32m\"gate-icon\"\u001b[39m\n                  \u001b[36m>\u001b[39m\n                    \u001b[0mAND\u001b[0m\n                  \u001b[36m</span>\u001b[39m\n                \u001b[36m</div>\u001b[39m\n                \u001b[36m<div\u001b[39m\n                  \u001b[33mclass\u001b[39m=\u001b[32m\"tour-mockup__wire wire-glow\"\u001b[39m\n                \u001b[36m/>\u001b[39m\n                \u001b[36m<div\u001b[39m\n                  \u001b[33mclass\u001b[39m=\u001b[32m\"tour-mockup__node node-output\"\u001b[39m\n                \u001b[36m>\u001b[39m\n                  \u001b[36m<span\u001b[39m\n                    \u001b[33mclass\u001b[39m=\u001b[32m\"node-tag\"\u001b[39m\n                  \u001b[36m>\u001b[39m\n                    \u001b[0mOUT\u001b[0m\n                  \u001b[36m</span>\u001b[39m\n                  \u001b[36m<span\u001b[39m\n                    \u001b[33mclass\u001b[39m=\u001b[32m\"node-led-glow\"\u001b[39m\n                  \u001b[36m/>\u001b[39m\n                \u001b[36m</div>\u001b[39m\n              \u001b[36m</div>\u001b[39m\n              \u001b[36m<div\u001b[39m\n                \u001b[33mclass\u001b[39m=\u001b[32m\"tour-mockup__caption\"\u001b[39m\n              \u001b[36m>\u001b[39m\n                \u001b[0m✨ Drag gates from sidebar • Multi-select & Duplicate • Live Signal Glow\u001b[0m\n              \u001b[36m</div>\u001b[39m\n            \u001b[36m</div>\u001b[39m\n          \u001b[36m</div>\u001b[39m\n        \u001b[36m</div>\u001b[39m\n        \u001b[36m<div\u001b[39m\n          \u001b[33mclass\u001b[39m=\u001b[32m\"tour-footer\"\u001b[39m\n        \u001b[36m>\u001b[39m\n          \u001b[36m<div\u001b[39m\n            \u001b[33mclass\u001b[39m=\u001b[32m\"tour-footer__left\"\u001b[39m\n          \u001b[36m>\u001b[39m\n            \u001b[36m<label\u001b[39m\n              \u001b[33mclass\u001b[39m=\u001b[32m\"tour-checkbox-label\"\u001b[39m\n            \u001b[36m>\u001b[39m\n              \u001b[36m<input\u001b[39m\n                \u001b[33mtype\u001b[39m=\u001b[32m\"checkbox\"\u001b[39m\n              \u001b[36m/>\u001b[39m\n              \u001b[36m<span>\u001b[39m\n                \u001b[0mDon't show this guide on startup\u001b[0m\n              \u001b[36m</span>\u001b[39m\n            \u001b[36m</label>\u001b[39m\n            \u001b[36m<button\u001b[39m\n              \u001b[33mclass\u001b[39m=\u001b[32m\"tour-gallery-link-btn\"\u001b[39m\n            \u001b[36m>\u001b[39m\n              \u001b[0m🚀 Open Examples Showcase\u001b[0m\n            \u001b[36m</button>\u001b[39m\n          \u001b[36m</div>\u001b[39m\n          \u001b[36m<div\u001b[39m\n            \u001b[33mclass\u001b[39m=\u001b[32m\"tour-footer__right\"\u001b[39m\n          \u001b[36m>\u001b[39m\n            \u001b[36m<div\u001b[39m\n              \u001b[33mclass\u001b[39m=\u001b[32m\"tour-step-indicators\"\u001b[39m\n            \u001b[36m>\u001b[39m\n              \u001b[36m<button\u001b[39m\n                \u001b[33maria-label\u001b[39m=\u001b[32m\"Go to step 1\"\u001b[39m\n                \u001b[33mclass\u001b[39m=\u001b[32m\"tour-step-dot tour-step-dot--active\"\u001b[39m\n              \u001b[36m/>\u001b[39m\n              \u001b[36m<button\u001b[39m\n                \u001b[33maria-label\u001b[39m=\u001b[32m\"Go to step 2\"\u001b[39m\n                \u001b[33mclass\u001b[39m=\u001b[32m\"tour-step-dot\"\u001b[39m\n              \u001b[36m/>\u001b[39m\n              \u001b[36m<button\u001b[39m\n                \u001b[33maria-label\u001b[39m=\u001b[32m\"Go to step 3\"\u001b[39m\n                \u001b[33mclass\u001b[39m=\u001b[32m\"tour-step-dot\"\u001b[39m\n              \u001b[36m/>\u001b[39m\n              \u001b[36m<button\u001b[39m\n                \u001b[33maria-label\u001b[39m=\u001b[32m\"Go to step 4\"\u001b[39m\n                \u001b[33mclass\u001b[39m=\u001b[32m\"tour-step-dot\"\u001b[39m\n              \u001b[36m/>\u001b[39m\n              \u001b[36m<button\u001b[39m\n                \u001b[33maria-label\u001b[39m=\u001b[32m\"Go to step 5\"\u001b[39m\n                \u001b[33mclass\u001b[39m=\u001b[32m\"tour-step-dot\"\u001b[39m\n              \u001b[36m/>\u001b[39m\n            \u001b[36m</div>\u001b[39m\n            \u001b[36m<button\u001b[39m\n              \u001b[33mclass\u001b[39m=\u001b[32m\"btn btn-primary tour-nav-btn tour-nav-btn--primary\"\u001b[39m\n            \u001b[36m>\u001b[39m\n              \u001b[0mNext Step →\u001b[0m\n            \u001b[36m</button>\u001b[39m\n          \u001b[36m</div>\u001b[39m\n        \u001b[36m</div>\u001b[39m\n      \u001b[36m</div>\u001b[39m\n    \u001b[36m</div>\u001b[39m\n  \u001b[36m</div>\u001b[39m\n\u001b[36m</body>\u001b[39m\n    at Object.getElementError (/Users/manijoshi/firstmate/projects/DigiSim/frontend/node_modules/@testing-library/dom/dist/config.js:37:19)\n    at getElementError (/Users/manijoshi/firstmate/projects/DigiSim/frontend/node_modules/@testing-library/dom/dist/query-helpers.js:20:35)\n    at getMultipleElementsFoundError (/Users/manijoshi/firstmate/projects/DigiSim/frontend/node_modules/@testing-library/dom/dist/query-helpers.js:23:10)\n    at /Users/manijoshi/firstmate/projects/DigiSim/frontend/node_modules/@testing-library/dom/dist/query-helpers.js:55:13\n    at getByText (/Users/manijoshi/firstmate/projects/DigiSim/frontend/node_modules/@testing-library/dom/dist/query-helpers.js:95:19)\n    at Object.<anonymous> (/Users/manijoshi/firstmate/projects/DigiSim/frontend/src/components/onboarding/InteractiveTourModal.test.tsx:43:19)\n    at Promise.then.completed (/Users/manijoshi/firstmate/projects/DigiSim/frontend/node_modules/jest-circus/build/utils.js:391:28)\n    at new Promise (<anonymous>)\n    at callAsyncCircusFn (/Users/manijoshi/firstmate/projects/DigiSim/frontend/node_modules/jest-circus/build/utils.js:316:10)\n    at _callCircusTest (/Users/manijoshi/firstmate/projects/DigiSim/frontend/node_modules/jest-circus/build/run.js:218:40)\n    at processTicksAndRejections (node:internal/process/task_queues:105:5)\n    at _runTest (/Users/manijoshi/firstmate/projects/DigiSim/frontend/node_modules/jest-circus/build/run.js:155:3)\n    at _runTestsForDescribeBlock (/Users/manijoshi/firstmate/projects/DigiSim/frontend/node_modules/jest-circus/build/run.js:66:9)\n    at _runTestsForDescribeBlock (/Users/manijoshi/firstmate/projects/DigiSim/frontend/node_modules/jest-circus/build/run.js:60:9)\n    at run (/Users/manijoshi/firstmate/projects/DigiSim/frontend/node_modules/jest-circus/build/run.js:25:3)\n    at runAndTransformResultsToJestFormat (/Users/manijoshi/firstmate/projects/DigiSim/frontend/node_modules/jest-circus/build/legacy-code-todo-rewrite/jestAdapterInit.js:170:21)\n    at jestAdapter (/Users/manijoshi/firstmate/projects/DigiSim/frontend/node_modules/jest-circus/build/legacy-code-todo-rewrite/jestAdapter.js:82:19)\n    at runTestInternal (/Users/manijoshi/firstmate/projects/DigiSim/frontend/node_modules/jest-runner/build/runTest.js:389:16)\n    at runTest (/Users/manijoshi/firstmate/projects/DigiSim/frontend/node_modules/jest-runner/build/runTest.js:475:34)\n    at Object.worker (/Users/manijoshi/firstmate/projects/DigiSim/frontend/node_modules/jest-runner/build/testWorker.js:133:12)"],"fullName":"InteractiveTourModal renders step 1 by default (Canvas & Component Palette)","location":null,"status":"failed","title":"renders step 1 by default (Canvas & Component Palette)"},{"ancestorTitles":["InteractiveTourModal"],"failureMessages":[],"fullName":"InteractiveTourModal navigates through all 5 onboarding steps via Next and Back buttons","location":null,"status":"passed","title":"navigates through all 5 onboarding steps via Next and Back buttons"},{"ancestorTitles":["InteractiveTourModal"],"failureMessages":[],"fullName":"InteractiveTourModal clicking step indicator dot jumps directly to that step","location":null,"status":"passed","title":"clicking step indicator dot jumps directly to that step"},{"ancestorTitles":["InteractiveTourModal"],"failureMessages":[],"fullName":"InteractiveTourModal supports keyboard navigation via ArrowRight, ArrowLeft, and Escape","location":null,"status":"passed","title":"supports keyboard navigation via ArrowRight, ArrowLeft, and Escape"},{"ancestorTitles":["InteractiveTourModal"],"failureMessages":[],"fullName":"InteractiveTourModal saves dont show again preference to localStorage upon tour completion","location":null,"status":"passed","title":"saves dont show again preference to localStorage upon tour completion"},{"ancestorTitles":["InteractiveTourModal"],"failureMessages":[],"fullName":"InteractiveTourModal clicking Open Examples Showcase closes tour and triggers gallery","location":null,"status":"passed","title":"clicking Open Examples Showcase closes tour and triggers gallery"}],"endTime":1786468636688,"message":"  ● InteractiveTourModal › renders step 1 by default (Canvas & Component Palette)\n\n    TestingLibraryElementError: Found multiple elements with the text: /schematic canvas/i\n\n    Here are the matching elements:\n\n    Ignored nodes: comments, script, style\n    \u001b[36m<span\u001b[39m\n      \u001b[33mclass\u001b[39m=\u001b[32m\"tour-header__tag\"\u001b[39m\n    \u001b[36m>\u001b[39m\n      \u001b[0mSchematic Canvas\u001b[0m\n    \u001b[36m</span>\u001b[39m\n\n    Ignored nodes: comments, script, style\n    \u001b[36m<span\u001b[39m\n      \u001b[33mclass\u001b[39m=\u001b[32m\"tour-mockup__title\"\u001b[39m\n    \u001b[36m>\u001b[39m\n      \u001b[0mPalette & Schematic Canvas\u001b[0m\n    \u001b[36m</span>\u001b[39m\n\n    (If this is intentional, then use the `*AllBy*` variant of the query (like `queryAllByText`, `getAllByText`, or `findAllByText`)).\n\n    Ignored nodes: comments, script, style\n    \u001b[36m<body>\u001b[39m\n      \u001b[36m<div>\u001b[39m\n        \u001b[36m<div\u001b[39m\n          \u001b[33maria-labelledby\u001b[39m=\u001b[32m\"tour-modal-title\"\u001b[39m\n          \u001b[33maria-modal\u001b[39m=\u001b[32m\"true\"\u001b[39m\n          \u001b[33mclass\u001b[39m=\u001b[32m\"tour-modal-overlay\"\u001b[39m\n          \u001b[33mrole\u001b[39m=\u001b[32m\"dialog\"\u001b[39m\n        \u001b[36m>\u001b[39m\n          \u001b[36m<div\u001b[39m\n            \u001b[33mclass\u001b[39m=\u001b[32m\"tour-modal-card glass\"\u001b[39m\n          \u001b[36m>\u001b[39m\n            \u001b[36m<div\u001b[39m\n             
[...]
v\u001b[39m\n                    \u001b[33mclass\u001b[39m=\u001b[32m\"tour-mockup__canvas\"\u001b[39m\n                  \u001b[36m>\u001b[39m\n                    \u001b[36m<div\u001b[39m\n                      \u001b[33mclass\u001b[39m=\u001b[32m\"tour-mockup__node node-input\"\u001b[39m\n                    \u001b[36m>\u001b[39m\n                      \u001b[36m<span\u001b[39m\n                        \u001b[33mclass\u001b[39m=\u001b[32m\"node-tag\"\u001b[39m\n                      \u001b[36m>\u001b[39m\n                        \u001b[0mIN A\u001b[0m\n                      \u001b[36m</span>\u001b[39m\n                      \u001b[36m<span\u001b[39m\n                        \u001b[33mclass\u001b[39m=\u001b[32m\"node-val node-val--on\"\u001b[39m\n                      \u001b[36m>\u001b[39m\n                        \u001b[0m1\u001b[0m\n                      \u001b[36m</span>\u001b[39m\n                    \u001b[36m</div>\u001b[39m\n                    \u001b[36m<div\u001b[39m\n                      \u001b[33mclass\u001b[39m=\u001b[32m\"tour-mockup__wire wire-glow\"\u001b[39m\n                    \u001b[36m/>\u001b[39m\n                    \u001b[36m<div\u001b[39m\n                      \u001b[33mclass\u001b[39m=\u001b[32m\"tour-mockup__node node-gate\"\u001b[39m\n                    \u001b[36m>\u001b[39m\n                      \u001b[36m<span\u001b[39m\n                        \u001b[33mclass\u001b[39m=\u001b[32m\"gate-icon\"\u001b[39m\n                      \u001b[36m>\u001b[39m\n                        \u001b[0mAND\u001b[0m\n                      \u001b[36m</span>\u001b[39m\n                    \u001b[36m</div>\u001b[39m\n                    \u001b[36m<div\u001b[39m\n                      \u001b[33mclass\u001b[39m=\u001b[32m\"tour-mockup__wire wire-glow\"\u001b[39m\n                    \u001b[36m/>\u001b[39m\n                    \u001b[36m<div\u001b[39m\n                      \u001b[33mclass\u001b[39m=\u001b[32m\"tour-mockup__node node-output\"\u001b[39m\n                    \u001b[36m>\u001b[39m\n                      \u001b[36m<span\u001b[39m\n                        \u001b[33mclass\u001b[39m=\u001b[32m\"node-tag\"\u001b[39m\n                      \u001b[36m>\u001b[39m\n                        \u001b[0mOUT\u001b[0m\n                      \u001b[36m</span>\u001b[39m\n                      \u001b[36m<span\u001b[39m\n                        \u001b[33mclass\u001b[39m=\u001b[32m\"node-led-glow\"\u001b[39m\n                      \u001b[36m/>\u001b[39m\n                    \u001b[36m</div>\u001b[39m\n                  \u001b[36m</div>\u001b[39m\n                  \u001b[36m<div\u001b[39m\n                    \u001b[33mclass\u001b[39m=\u001b[32m\"tour-mockup__caption\"\u001b[39m\n                  \u001b[36m>\u001b[39m\n                    \u001b[0m✨ Drag gates from sidebar • Multi-select & Duplicate • Live Signal Glow\u001b[0m\n                  \u001b[36m</div>\u001b[39m\n                \u001b[36m</div>\u001b[39m\n              \u001b[36m</div>\u001b[39m\n            \u001b[36m</div>\u001b[39m\n            \u001b[36m<div\u001b[39m\n              \u001b[33mclass\u001b[39m=\u001b[32m\"tour-footer\"\u001b[39m\n            \u001b[36m>\u001b[39m\n              \u001b[36m<div\u001b[39m\n                \u001b[33mclass\u001b[39m=\u001b[32m\"tour-footer__left\"\u001b[39m\n              \u001b[36m>\u001b[39m\n                \u001b[36m<label\u001b[39m\n                  \u001b[33mclass\u001b[39m=\u001b[32m\"tour-checkbox-label\"\u001b[39m\n                \u001b[36m>\u001b[39m\n                  \u001b[36m<input\u001b[39m\n                    \u001b[33mtype\u001b[39m=\u001b[32m\"checkbox\"\u001b[39m\n                  \u001b[36m/>\u001b[39m\n                  \u001b[36m<span>\u001b[39m\n                    \u001b[0mDon't show this guide on startup\u001b[0m\n                  \u001b[36m</span>\u001b[39m\n                \u001b[36m</label>\u001b[39m\n                \u001b[36m<button\u001b[39m\n                  \u001b[33mclass\u001b[39m=\u001b[32m\"tour-gallery-link-btn\"\u001b[39m\n                \u001b[36m>\u001b[39m\n                  \u001b[0m🚀 Open Examples Showcase\u001b[0m\n                \u001b[36m</button>\u001b[39m\n              \u001b[36m</div>\u001b[39m\n              \u001b[36m<div\u001b[39m\n                \u001b[33mclass\u001b[39m=\u001b[32m\"tour-footer__right\"\u001b[39m\n              \u001b[36m>\u001b[39m\n                \u001b[36m<div\u001b[39m\n                  \u001b[33mclass\u001b[39m=\u001b[32m\"tour-step-indicators\"\u001b[39m\n                \u001b[36m>\u001b[39m\n                  \u001b[36m<button\u001b[39m\n                    \u001b[33maria-label\u001b[39m=\u001b[32m\"Go to step 1\"\u001b[39m\n                    \u001b[33mclass\u001b[39m=\u001b[32m\"tour-step-dot tour-step-dot--active\"\u001b[39m\n                  \u001b[36m/>\u001b[39m\n                  \u001b[36m<button\u001b[39m\n                    \u001b[33maria-label\u001b[39m=\u001b[32m\"Go to step 2\"\u001b[39m\n                    \u001b[33mclass\u001b[39m=\u001b[32m\"tour-step-dot\"\u001b[39m\n                  \u001b[36m/>\u001b[39m\n                  \u001b[36m<button\u001b[39m\n                    \u001b[33maria-label\u001b[39m=\u001b[32m\"Go to step 3\"\u001b[39m\n                    \u001b[33mclass\u001b[39m=\u001b[32m\"tour-step-dot\"\u001b[39m\n                  \u001b[36m/>\u001b[39m\n                  \u001b[36m<button\u001b[39m\n                    \u001b[33maria-label\u001b[39m=\u001b[32m\"Go to step 4\"\u001b[39m\n                    \u001b[33mclass\u001b[39m=\u001b[32m\"tour-step-dot\"\u001b[39m\n                  \u001b[36m/>\u001b[39m\n                  \u001b[36m<button\u001b[39m\n                    \u001b[33maria-label\u001b[39m=\u001b[32m\"Go to step 5\"\u001b[39m\n                    \u001b[33mclass\u001b[39m=\u001b[32m\"tour-step-dot\"\u001b[39m\n                  \u001b[36m/>\u001b[39m\n                \u001b[36m</div>\u001b[39m\n                \u001b[36m<button\u001b[39m\n                  \u001b[33mclass\u001b[39m=\u001b[32m\"btn btn-primary tour-nav-btn tour-nav-btn--primary\"\u001b[39m\n                \u001b[36m>\u001b[39m\n                  \u001b[0mNext Step →\u001b[0m\n                \u001b[36m</button>\u001b[39m\n              \u001b[36m</div>\u001b[39m\n            \u001b[36m</div>\u001b[39m\n          \u001b[36m</div>\u001b[39m\n        \u001b[36m</div>\u001b[39m\n      \u001b[36m</div>\u001b[39m\n    \u001b[36m</body>\u001b[39m\n\n      41 |     expect(screen.getByText(/step 1 of 5/i)).toBeInTheDocument();\n      42 |     expect(screen.getByRole('heading', { level: 2, name: /canvas & component palette/i })).toBeInTheDocument();\n    > 43 |     expect(screen.getByText(/schematic canvas/i)).toBeInTheDocument();\n         |                   ^\n      44 |     expect(screen.getByRole('button', { name: /next step →/i })).toBeInTheDocument();\n      45 |   });\n      46 |\n\n      at Object.getElementError (node_modules/@testing-library/dom/dist/config.js:37:19)\n      at getElementError (node_modules/@testing-library/dom/dist/query-helpers.js:20:35)\n      at getMultipleElementsFoundError (node_modules/@testing-library/dom/dist/query-helpers.js:23:10)\n      at node_modules/@testing-library/dom/dist/query-helpers.js:55:13\n      at getByText (node_modules/@testing-library/dom/dist/query-helpers.js:95:19)\n      at Object.<anonymous> (src/components/onboarding/InteractiveTourModal.test.tsx:43:19)\n","name":"/Users/manijoshi/firstmate/projects/DigiSim/frontend/src/components/onboarding/InteractiveTourModal.test.tsx","startTime":1786468635226,"status":"failed","summary":""},{"assertionResults":[{"ancestorTitles":["COMPONENT_TOOLTIP_DATA"],"failureMessages":[],"fullName":"COMPONENT_TOOLTIP_DATA contains comprehensive metadata for all core digital gates","location":null,"status":"passed","title":"contains comprehensive metadata for all core digital gates"},{"ancestorTitles":["COMPONENT_TOOLTIP_DATA"],"failureMessages":[],"fullName":"COMPONENT_TOOLTIP_DATA contains comprehensive metadata for analog parts and sources","location":null,"status":"passed","title":"contains comprehensive metadata for analog parts and sources"},{"ancestorTitles":["COMPONENT_TOOLTIP_DATA"],"failureMessages":[],"fullName":"COMPONENT_TOOLTIP_DATA contains BSIM formulas and 4-terminal specs for MOSFETs and Subckt","location":null,"status":"passed","title":"contains BSIM formulas and 4-terminal specs for MOSFETs and Subckt"}],"endTime":1786468636694,"message":"","name":"/Users/manijoshi/firstmate/projects/DigiSim/frontend/src/components/palette/componentTooltipData.test.ts","startTime":1786468636561,"status":"passed","summary":""},{"assertionResults":[{"ancestorTitles":["CommandPaletteModal and fuzzyScore","fuzzyScore algorithm"],"failureMessages":[],"fullName":"CommandPaletteModal and fuzzyScore fuzzyScore algorithm accurately scores exact and prefix matches","location":null,"status":"passed","title":"accurately scores exact and prefix matches"},{"ancestorTitles":["CommandPaletteModal and fuzzyScore","fuzzyScore algorithm"],"failureMessages":[],"fullName":"CommandPaletteModal and fuzzyScore fuzzyScore algorithm matches fuzzy query characters in sequence","location":null,"status":"passed","title":"matches fuzzy query characters in sequence"},{"ancestorTitles":["CommandPaletteModal and fuzzyScore","fuzzyScore algorithm"],"failureMessages":[],"fullName":"CommandPaletteModal and fuzzyScore fuzzyScore algorithm rejects non-matching query strings","location":null,"status":"passed","title":"rejects non-matching query strings"},{"ancestorTitles":["CommandPaletteModal and fuzzyScore","CommandPaletteModal component"],"failureMessages":[],"fullName":"CommandPaletteModal and fuzzyScore CommandPaletteModal component does not render when open is false","location":null,"status":"passed","title":"does not render when open is false"},{"ancestorTitles":["CommandPaletteModal and fuzzyScore","CommandPaletteModal component"],"failureMessages":[],"fullName":"CommandPaletteModal and fuzzyScore CommandPaletteModal component renders search input and commands when open","location":null,"status":"passed","title":"renders search input and commands when open"},{"ancestorTitles":["CommandPaletteModal and fuzzyScore","CommandPaletteModal component"],"failureMessages":["Error: expect(element).not.toBeInTheDocument()\n\nexpected document not to contain element, found <span class=\"cmd-item-title\">PMOS Transistor</span> instead\n    at Object.<anonymous> (/Users/manijoshi/firstmate/projects/DigiSim/frontend/src/components/palette/CommandPaletteModal.test.tsx:84:57)\n    at Promise.then.completed (/Users/manijoshi/firstmate/projects/DigiSim/frontend/node_modules/jest-circus/build/utils.js:391:28)\n    at new Promise (<anonymous>)\n    at callAsyncCircusFn (/Users/manijoshi/firstmate/projects/DigiSim/frontend/node_modules/jest-circus/build/utils.js:316:10)\n    at _callCircusTest (/Users/manijoshi/firstmate/projects/DigiSim/frontend/node_modules/jest-circus/build/run.js:218:40)\n    at processTicksAndRejections (node:internal/process/task_queues:105:5)\n    at _runTest (/Users/manijoshi/firstmate/projects/DigiSim/frontend/node_modules/jest-circus/build/run.js:155:3)\n    at _runTestsForDescribeBlock (/Users/manijoshi/firstmate/projects/DigiSim/frontend/node_modules/jest-circus/build/run.js:66:9)\n    at _runTestsForDescribeBlock (/Users/manijoshi/firstmate/projects/DigiSim/frontend/node_modules/jest-circus/build/run.js:60:9)\n    at _runTestsForDescribeBlock (/Users/manijoshi/firstmate/projects/DigiSim/frontend/node_modules/jest-circus/build/run.js:60:9)\n    at run (/Users/manijoshi/firstmate/projects/DigiSim/frontend/node_modules/jest-circus/build/run.js:25:3)\n    at runAndTransformResultsToJestFormat (/Users/manijoshi/firstmate/projects/DigiSim/frontend/node_modules/jest-circus/build/legacy-code-todo-rewrite/jestAdapterInit.js:170:21)\n    at jestAdapter (/Users/manijoshi/firstmate/projects/DigiSim/frontend/node_modules/jest-circus/build/legacy-code-todo-rewrite/jestAdapter.js:82:19)\n    at runTestInternal (/Users/manijoshi/firstmate/projects/DigiSim/frontend/node_modules/jest-runner/build/runTest.js:389:16)\n    at runTest (/Users/manijoshi/firstmate/projects/DigiSim/frontend/node_modules/jest-runner/build/runTest.js:475:34)\n    at Object.worker (/Users/manijoshi/firstmate/projects/DigiSim/frontend/node_modules/jest-runner/build/testWorker.js:133:12)"],"fullName":"CommandPaletteModal and fuzzyScore CommandPaletteModal component filters components on fuzzy search query","location":null,"status":"failed","title":"filters components on fuzzy search query"},{"ancestorTitles":["CommandPaletteModal and fuzzyScore","CommandPaletteModal component"],"failureMessages":[],"fullName":"CommandPaletteModal and fuzzyScore CommandPaletteModal component places a component on canvas when clicked","location":null,"status":"passed","title":"places a component on canvas when clicked"},{"ancestorTitles":["CommandPaletteModal and fuzzyScore","CommandPaletteModal component"],"failureMessages":[],"fullName":"CommandPaletteModal and fuzzyScore CommandPaletteModal component switches PDK process node when PDK command is selected","location":null,"status":"passed","title":"switches PDK process node when PDK command is selected"},{"ancestorTitles":["CommandPaletteModal and fuzzyScore","CommandPaletteModal component"],"failureMessages":[],"fullName":"CommandPaletteModal and fuzzyScore CommandPaletteModal component executes quick actions (Run, Step, Reset, 3D PCB, Copilot, SPICE, Gerber)","location":null,"status":"passed","title":"executes quick actions (Run, Step, Reset, 3D PCB, Copilot, SPICE, Gerber)"},{"ancestorTitles":["CommandPaletteModal and fuzzyScore","CommandPaletteModal component"],"failureMessages":[],"fullName":"CommandPaletteModal and fuzzyScore CommandPaletteModal component navigates with keyboard (ArrowDown, ArrowUp, Enter, Escape)","location":null,"status":"passed","title":"navigates with keyboard (ArrowDown, ArrowUp, Enter, Escape)"},{"ancestorTitles":["CommandPaletteModal and fuzzyScore","CommandPaletteModal component"],"failureMessages":[],"fullName":"CommandPaletteModal and fuzzyScore CommandPaletteModal component shows empty state when no commands match query","location":null,"status":"passed","title":"shows empty state when no commands match query"}],"endTime":1786468636936,"message":"  ● CommandPaletteModal and fuzzyScore › CommandPaletteModal component › filters components on fuzzy search query\n\n    expect(element).not.toBeInTheDocument()\n\n    expected document not to contain element, found <span class=\"cmd-item-title\">PMOS Transistor</span> instead\n\n      82 |       fireEvent.change(input, { target: { value: 'nand' } });\n      83 |       expect(screen.getByText('NAND Gate')).toBeInTheDocument();\n    > 84 |       expect(screen.queryByText('PMOS Transistor')).not.toBeInTheDocument();\n         |                                                         ^\n      85 |     });\n      86 |\n      87 |     it('places a component on canvas when clicked', () => {\n\n      at Object.<anonymous> (src/components/palette/CommandPaletteModal.test.tsx:84:57)\n","name":"/Users/manijoshi/firstmate/projects/DigiSim/frontend/src/components/palette/CommandPaletteModal.test.tsx","startTime":1786468635242,"status":"failed","summary":""},{"assertionResults":[{"ancestorTitles":["CircuitGalleryModal"],"failureMessages":[],"fullName":"CircuitGalleryModal does not render when open is false","location":null,"status":"passed","title":"does not render when open is false"},{"ancestorTitles":["CircuitGalleryModal"],"failureMessages":[],"fullName":"CircuitGalleryModal renders modal title and all 6 curated sample circuits by default","location":null,"status":"passed","title":"renders modal title and all 6 curated sample circuits by default"},{"ancestorTitles":["CircuitGalleryModal"],"failureMessages":[],"fullName":"CircuitGalleryModal filters circuits by category tabs","location":null,"status":"passed","title":"filters circuits by category tabs"},{"ancestorTitles":["CircuitGalleryModal"],"failureMessages":[],"fullName":"CircuitGalleryModal filters circuits via search input","location":null,"status":"passed","title":"filters circuits via search input"},{"ancestorTitles":["CircuitGalleryModal"],"failureMessages":[],"fullName":"CircuitGalleryModal filters circuits by difficulty pills","location":null,"status":"passed","title":"filters circuits by difficulty pills"},{"ancestorTitles":["CircuitGalleryModal"],"failureMessages":[],"fullName":"CircuitGalleryModal shows empty state when no circuits match query","location":null,"status":"passed","title":"shows empty state when no circuits match query"},{"ancestorTitles":["CircuitGalleryModal"],"failureMessages":[],"fullName":"CircuitGalleryModal calls onLoadCircuit with correct circuit payload when clicking Load into Canvas","location":null,"status":"passed","title":"calls onLoadCircuit with correct circuit payload when clicking Load into Canvas"},{"ancestorTitles":["CircuitGalleryModal"],"failureMessages":[],"fullName":"CircuitGalleryModal closes modal when clicking close button or pressing Escape","location":null,"status":"passed","title":"closes modal when clicking close button or pressing Escape"}],"endTime":1786468636998,"message":"","name":"/Users/manijoshi/firstmate/projects/DigiSim/frontend/src/components/showcase/CircuitGalleryModal.test.tsx","startTime":1786468635284,"status":"passed","summary":""},{"assertionResults":[{"ancestorTitles":[],"failureMessages":[],"fullName":"renders the DigiSim brand and Circuit Analyzer tag","location":null,"status":"passed","title":"renders the DigiSim brand and Circuit Analyzer tag"},{"ancestorTitles":[],"failureMessages":[],"fullName":"toolbox menu lists the Component Library and Vision sections","location":null,"status":"passed","title":"toolbox menu lists the Component Library and Vision sections"},{"ancestorTitles":[],"failureMessages":[],"fullName":"opening Component Library shows the I/O, analog, gate, and library sections with a back button","location":null,"status":"passed","title":"opening Component Library shows the I/O, analog, gate, and library sections with a back button"},{"ancestorTitles":[],"failureMessages":[],"fullName":"renders a palette chip for every gate type","location":null,"status":"passed","title":"renders a palette chip for every gate type"},{"ancestorTitles":[],"failureMessages":[],"fullName":"renders Input and Output palette chips","location":null,"status":"passed","title":"renders Input and Output palette chips"},{"ancestorTitles":[],"failureMessages":[],"fullName":"opening Library shows the part search","location":null,"status":"passed","title":"opening Library shows the part search"},{"ancestorTitles":[],"failureMessages":[],"fullName":"opening Vision shows the Image Upload control","location":null,"status":"passed","title":"opening Vision shows the Image Upload control"},{"ancestorTitles":[],"failureMessages":[],"fullName":"renders the Clear Canvas button","location":null,"status":"passed","title":"renders the Clear Canvas button"},{"ancestorTitles":[],"failureMessages":[],"fullName":"renders the Examples Showcase and Quick Guide navbar launch buttons","location":null,"status":"passed","title":"renders the Examples Showcase and Quick Guide navbar launch buttons"},{"ancestorTitles":[],"failureMessages":[],"fullName":"clicking Examples Showcase opens the CircuitGalleryModal","location":null,"status":"passed","title":"clicking Examples Showcase opens the CircuitGalleryModal"},{"ancestorTitles":[],"failureMessages":[],"fullName":"clicking Quick Guide opens the InteractiveTourModal","location":null,"status":"passed","title":"clicking Quick Guide opens the InteractiveTourModal"}],"endTime":1786468637887,"message":"","name":"/Users/manijoshi/firstmate/projects/DigiSim/frontend/src/App.test.tsx","startTime":1786468635190,"status":"passed","summary":""}],"wasInterrupted":false}